<?xml version='1.0' encoding='utf8'?>
<testsuite tests="986"><testcase classname="Python" name="xml_wrapped-lists" /><testcase classname="Python" name="xml_wrapped-lists" /><testcase classname="Python" name="xml_simple" /><testcase classname="Python" name="xml_simple" /><testcase classname="Python" name="xml_root-list-single-item" /><testcase classname="Python" name="xml_root-list-single-item" /><testcase classname="Python" name="xml_root-list" /><testcase classname="Python" name="xml_root-list" /><testcase classname="Python" name="xml_mycontainer" /><testcase classname="Python" name="xml_mycontainer" /><testcase classname="Python" name="xml_mycontainer" /><testcase classname="Python" name="xml_mycontainer" /><testcase classname="Python" name="xml_empty-wrapped-lists" /><testcase classname="Python" name="xml_empty-wrapped-lists" /><testcase classname="Python" name="xml_empty-root-list" /><testcase classname="Python" name="xml_empty-root-list" /><testcase classname="Python" name="xml_empty-list" /><testcase classname="Python" name="xml_empty-list" /><testcase classname="Python" name="xml_empty-child-element" /><testcase classname="Python" name="xml_empty-child-element" /><testcase classname="Python" name="xml_complex-type-ref-with-meta" /><testcase classname="Python" name="xml_complex-type-ref-with-meta" /><testcase classname="Python" name="xml_complex-type-ref-no-meta" /><testcase classname="Python" name="xml_complex-type-ref-no-meta" /><testcase classname="Python" name="xml" /><testcase classname="Python" name="xml" /><testcase classname="Python" name="xml" /><testcase classname="Python" name="validation_constantsinpath_constant_value" /><testcase classname="Python" name="validation_constantsinpath_constant_value" /><testcase classname="Python" name="string_whitespace" /><testcase classname="Python" name="string_whitespace" /><testcase classname="Python" name="string_nullbase64urlencoding" /><testcase classname="Python" name="string_null" /><testcase classname="Python" name="string_null" /><testcase classname="Python" name="string_notprovided" /><testcase classname="Python" name="string_mbcs" /><testcase classname="Python" name="string_mbcs" /><testcase classname="Python" name="string_enum_referencedconstant" /><testcase classname="Python" name="string_enum_referencedconstant" /><testcase classname="Python" name="string_enum_referenced" /><testcase classname="Python" name="string_enum_referenced" /><testcase classname="Python" name="string_enum_referenced" /><testcase classname="Python" name="string_enum_notexpandable" /><testcase classname="Python" name="string_enum_notexpandable" /><testcase classname="Python" name="string_enum_notexpandable" /><testcase classname="Python" name="string_empty" /><testcase classname="Python" name="string_empty" /><testcase classname="Python" name="string_base64urlencoding" /><testcase classname="Python" name="string_base64urlencoding" /><testcase classname="Python" name="string_base64encoding" /><testcase classname="Python" name="reqopt_optional_string_property" /><testcase classname="Python" name="reqopt_optional_string_parameter" /><testcase classname="Python" name="reqopt_optional_string_header" /><testcase classname="Python" name="reqopt_optional_integer_property" /><testcase classname="Python" name="reqopt_optional_integer_parameter" /><testcase classname="Python" name="reqopt_optional_integer_header" /><testcase classname="Python" name="reqopt_optional_class_property" /><testcase classname="Python" name="reqopt_optional_class_parameter" /><testcase classname="Python" name="reqopt_optional_array_property" /><testcase classname="Python" name="reqopt_optional_array_parameter" /><testcase classname="Python" name="reqopt_optional_array_header" /><testcase classname="Python" name="reqopt_implicit_optional_query" /><testcase classname="Python" name="reqopt_implicit_optional_header" /><testcase classname="Python" name="reqopt_implicit_optional_body" /><testcase classname="Python" name="reqopt_global_optional_query" /><testcase classname="Python" name="report" /><testcase classname="Python" name="queries_string_null" /><testcase classname="Python" name="queries_string_empty" /><testcase classname="Python" name="queries_string_begin-_end" /><testcase classname="Python" name="queries_long_null" /><testcase classname="Python" name="queries_long_10000000000" /><testcase classname="Python" name="queries_long_-10000000000" /><testcase classname="Python" name="queries_int_null" /><testcase classname="Python" name="queries_int_1000000" /><testcase classname="Python" name="queries_int_-1000000" /><testcase classname="Python" name="queries_float_null" /><testcase classname="Python" name="queries_float_1034e20" /><testcase classname="Python" name="queries_float_-1034e-20" /><testcase classname="Python" name="queries_enum_null" /><testcase classname="Python" name="queries_enum_green-color" /><testcase classname="Python" name="queries_double_null" /><testcase classname="Python" name="queries_double_9999999999" /><testcase classname="Python" name="queries_double_-9999999999" /><testcase classname="Python" name="queries_date_null" /><testcase classname="Python" name="queries_date_2012-01-01" /><testcase classname="Python" name="queries_datetime_null" /><testcase classname="Python" name="queries_datetime_2012-01-01t010101z" /><testcase classname="Python" name="queries_byte_null" /><testcase classname="Python" name="queries_byte_multibyte" /><testcase classname="Python" name="queries_byte_empty" /><testcase classname="Python" name="queries_bool_true" /><testcase classname="Python" name="queries_bool_null" /><testcase classname="Python" name="queries_bool_false" /><testcase classname="Python" name="queries_array_tsv_string_valid" /><testcase classname="Python" name="queries_array_ssv_string_valid" /><testcase classname="Python" name="queries_array_pipes_string_valid" /><testcase classname="Python" name="queries_array_multi_string_valid" /><testcase classname="Python" name="queries_array_multi_string_null" /><testcase classname="Python" name="queries_array_multi_string_empty" /><testcase classname="Python" name="queries_array_csv_string_valid" /><testcase classname="Python" name="queries_array_csv_string_null" /><testcase classname="Python" name="queries_array_csv_string_empty" /><testcase classname="Python" name="paths_string_empty" /><testcase classname="Python" name="paths_string_bg9yzw0_bg9yzw0" /><testcase classname="Python" name="paths_string_begin-_end_begin-_end" /><testcase classname="Python" name="paths_long_10000000000_10000000000" /><testcase classname="Python" name="paths_long_-10000000000_-10000000000" /><testcase classname="Python" name="paths_int_1460505600_1460505600" /><testcase classname="Python" name="paths_int_1000000_1000000" /><testcase classname="Python" name="paths_int_-1000000_-1000000" /><testcase classname="Python" name="paths_float_1034e20_1034e20" /><testcase classname="Python" name="paths_float_-1034e-20_-1034e-20" /><testcase classname="Python" name="paths_enum_green-color_green-color" /><testcase classname="Python" name="paths_double_9999999999_9999999999" /><testcase classname="Python" name="paths_double_-9999999999_-9999999999" /><testcase classname="Python" name="paths_date_2012-01-01_2012-01-01" /><testcase classname="Python" name="paths_datetime_2012-01-01t010101z_2012-01-01t010101000z" /><testcase classname="Python" name="paths_byte_multibyte_5zwk6b2e5lic54ub54uc76ex76ss76ex76im76ip" /><testcase classname="Python" name="paths_byte_empty" /><testcase classname="Python" name="paths_bool_true_true" /><testcase classname="Python" name="paths_bool_false_false" /><testcase classname="Python" name="paths_array_arraypath1begin-_end_arraypath1begin-_end" /><testcase classname="Python" name="pathitem_nullable_globalstringpath_globalstringpath_pathitemstringpath_pathitemstringpath_localstringpath_localstringpath_null_pathitemstringquery_null" /><testcase classname="Python" name="pathitem_nullable_globalstringpath_globalstringpath_pathitemstringpath_pathitemstringpath_localstringpath_localstringpath_null_pathitemstringquery_localstringquery" /><testcase classname="Python" name="pathitem_nullable_globalstringpath_globalstringpath_pathitemstringpath_pathitemstringpath_localstringpath_localstringpath_globalstringquery_pathitemstringquery_localstringquery" /><testcase classname="Python" name="pathitem_nullable_globalstringpath_globalstringpath_pathitemstringpath_pathitemstringpath_localstringpath_localstringpath_globalstringquery_null_null" /><testcase classname="Python" name="number_small_float_3402823e-20" /><testcase classname="Python" name="number_small_float_3402823e-20" /><testcase classname="Python" name="number_small_double_25976931e-101" /><testcase classname="Python" name="number_small_double_25976931e-101" /><testcase classname="Python" name="number_small_decimal_25976931e-101" /><testcase classname="Python" name="number_small_decimal_25976931e-101" /><testcase classname="Python" name="number_null" /><testcase classname="Python" name="number_invalidfloat" /><testcase classname="Python" name="number_invaliddouble" /><testcase classname="Python" name="number_invaliddecimal" /><testcase classname="Python" name="number_big_float_3402823e20" /><testcase classname="Python" name="number_big_float_3402823e20" /><testcase classname="Python" name="number_big_double_9999999999" /><testcase classname="Python" name="number_big_double_9999999999" /><testcase classname="Python" name="number_big_double_25976931e101" /><testcase classname="Python" name="number_big_double_25976931e101" /><testcase classname="Python" name="number_big_double_-9999999999" /><testcase classname="Python" name="number_big_double_-9999999999" /><testcase classname="Python" name="number_big_decimal_9999999999" /><testcase classname="Python" name="number_big_decimal_25976931e101" /><testcase classname="Python" name="number_big_decimal_25976931e101" /><testcase classname="Python" name="number_big_decimal_-9999999999" /><testcase classname="Python" name="model-flatten_resourcecollection" /><testcase classname="Python" name="model-flatten_resourcecollection" /><testcase classname="Python" name="model-flatten_dictionary" /><testcase classname="Python" name="model-flatten_dictionary" /><testcase classname="Python" name="model-flatten_customflattening_parametergrouping_groupproduct" /><testcase classname="Python" name="model-flatten_customflattening" /><testcase classname="Python" name="model-flatten_customflattening" /><testcase classname="Python" name="model-flatten_array" /><testcase classname="Python" name="model-flatten_array" /><testcase classname="Python" name="int_unixtime" /><testcase classname="Python" name="int_unixtime" /><testcase classname="Python" name="int_underflowint64" /><testcase classname="Python" name="int_underflowint32" /><testcase classname="Python" name="int_overflowint64" /><testcase classname="Python" name="int_overflowint32" /><testcase classname="Python" name="int_nullunixtime" /><testcase classname="Python" name="int_null" /><testcase classname="Python" name="int_min_64" /><testcase classname="Python" name="int_min_32" /><testcase classname="Python" name="int_max_64" /><testcase classname="Python" name="int_max_32" /><testcase classname="Python" name="int_invalidunixtime" /><testcase classname="Python" name="int_invalid" /><testcase classname="Python" name="http_success_put_200" /><testcase classname="Python" name="http_success_post_200" /><testcase classname="Python" name="http_success_patch_200" /><testcase classname="Python" name="http_success_head_200" /><testcase classname="Python" name="http_success_head_200" /><testcase classname="Python" name="http_success_head_200" /><testcase classname="Python" name="http_success_get_200" /><testcase classname="Python" name="http_success_get_200" /><testcase classname="Python" name="http_success_get_200" /><testcase classname="Python" name="http_success_get_200" /><testcase classname="Python" name="http_success_delete_200" /><testcase classname="Python" name="http_success_404" /><testcase classname="Python" name="http_success_204" /><testcase classname="Python" name="http_success_204" /><testcase classname="Python" name="http_success_204" /><testcase classname="Python" name="http_success_204" /><testcase classname="Python" name="http_success_204" /><testcase classname="Python" name="http_success_202" /><testcase classname="Python" name="http_success_202" /><testcase classname="Python" name="http_success_202" /><testcase classname="Python" name="http_success_202" /><testcase classname="Python" name="http_success_201" /><testcase classname="Python" name="http_success_201" /><testcase classname="Python" name="http_success_200" /><testcase classname="Python" name="http_success_200" /><testcase classname="Python" name="http_success_200" /><testcase classname="Python" name="http_success_200" /><testcase classname="Python" name="http_success_200" /><testcase classname="Python" name="http_success_200" /><testcase classname="Python" name="http_retry_504" /><testcase classname="Python" name="http_retry_504"><failure /></testcase><testcase classname="Python" name="http_retry_504" /><testcase classname="Python" name="http_retry_504" /><testcase classname="Python" name="http_retry_503"><failure /></testcase><testcase classname="Python" name="http_retry_503" /><testcase classname="Python" name="http_retry_503" /><testcase classname="Python" name="http_retry_503" /><testcase classname="Python" name="http_retry_502" /><testcase classname="Python" name="http_retry_502" /><testcase classname="Python" name="http_retry_500" /><testcase classname="Python" name="http_retry_500" /><testcase classname="Python" name="http_retry_500"><failure /></testcase><testcase classname="Python" name="http_retry_500" /><testcase classname="Python" name="http_retry_408" /><testcase classname="Python" name="http_retry_408" /><testcase classname="Python" name="http_redirect_307" /><testcase classname="Python" name="http_redirect_307" /><testcase classname="Python" name="http_redirect_307" /><testcase classname="Python" name="http_redirect_307" /><testcase classname="Python" name="http_redirect_307" /><testcase classname="Python" name="http_redirect_307" /><testcase classname="Python" name="http_redirect_303" /><testcase classname="Python" name="http_redirect_302" /><testcase classname="Python" name="http_redirect_302" /><testcase classname="Python" name="http_redirect_302" /><testcase classname="Python" name="http_redirect_301" /><testcase classname="Python" name="http_redirect_301" /><testcase classname="Python" name="http_redirect_301" /><testcase classname="Python" name="http_redirect_300" /><testcase classname="Python" name="http_payloads_default_none_response_400_none" /><testcase classname="Python" name="http_payloads_default_none_response_400_invalid" /><testcase classname="Python" name="http_payloads_default_none_response_200_none" /><testcase classname="Python" name="http_payloads_default_none_response_200_invalid" /><testcase classname="Python" name="http_payloads_default_a_response_400_valid" /><testcase classname="Python" name="http_payloads_default_a_response_400_none" /><testcase classname="Python" name="http_payloads_default_a_response_200_valid" /><testcase classname="Python" name="http_payloads_default_a_response_200_valid" /><testcase classname="Python" name="http_payloads_default_a_response_200_none" /><testcase classname="Python" name="http_payloads_default_a_response_200_none" /><testcase classname="Python" name="http_payloads_202_none_204_none_default_none_response_400_none" /><testcase classname="Python" name="http_payloads_202_none_204_none_default_none_response_400_invalid" /><testcase classname="Python" name="http_payloads_202_none_204_none_default_none_response_204_none" /><testcase classname="Python" name="http_payloads_202_none_204_none_default_none_response_202_invalid" /><testcase classname="Python" name="http_payloads_202_none_204_none_default_error_response_400_valid" /><testcase classname="Python" name="http_payloads_202_none_204_none_default_error_response_204_none" /><testcase classname="Python" name="http_payloads_202_none_204_none_default_error_response_202_none" /><testcase classname="Python" name="http_payloads_200_a_response_400_valid" /><testcase classname="Python" name="http_payloads_200_a_response_400_none" /><testcase classname="Python" name="http_payloads_200_a_response_400_invalid" /><testcase classname="Python" name="http_payloads_200_a_response_202_valid" /><testcase classname="Python" name="http_payloads_200_a_response_200_valid" /><testcase classname="Python" name="http_payloads_200_a_response_200_none" /><testcase classname="Python" name="http_payloads_200_a_response_200_invalid" /><testcase classname="Python" name="http_payloads_200_a_204_none_default_error_response_400_valid" /><testcase classname="Python" name="http_payloads_200_a_204_none_default_error_response_204_none" /><testcase classname="Python" name="http_payloads_200_a_204_none_default_error_response_202_none" /><testcase classname="Python" name="http_payloads_200_a_204_none_default_error_response_201_valid" /><testcase classname="Python" name="http_payloads_200_a_204_none_default_error_response_200_valid" /><testcase classname="Python" name="http_payloads_200_a_201_c_404_d_default_error_response_404_valid" /><testcase classname="Python" name="http_payloads_200_a_201_c_404_d_default_error_response_400_valid" /><testcase classname="Python" name="http_payloads_200_a_201_c_404_d_default_error_response_201_valid" /><testcase classname="Python" name="http_payloads_200_a_201_c_404_d_default_error_response_200_valid" /><testcase classname="Python" name="http_payloads_200_a_201_b_default_error_response_400_valid" /><testcase classname="Python" name="http_payloads_200_a_201_b_default_error_response_201_valid" /><testcase classname="Python" name="http_payloads_200_a_201_b_default_error_response_200_valid" /><testcase classname="Python" name="http_failure_server_505" /><testcase classname="Python" name="http_failure_server_505" /><testcase classname="Python" name="http_failure_server_501" /><testcase classname="Python" name="http_failure_server_501" /><testcase classname="Python" name="http_failure_nomodel_error" /><testcase classname="Python" name="http_failure_emptybody_error" /><testcase classname="Python" name="http_failure_client_429" /><testcase classname="Python" name="http_failure_client_417" /><testcase classname="Python" name="http_failure_client_416" /><testcase classname="Python" name="http_failure_client_415" /><testcase classname="Python" name="http_failure_client_414" /><testcase classname="Python" name="http_failure_client_413" /><testcase classname="Python" name="http_failure_client_412" /><testcase classname="Python" name="http_failure_client_411" /><testcase classname="Python" name="http_failure_client_410" /><testcase classname="Python" name="http_failure_client_409" /><testcase classname="Python" name="http_failure_client_407" /><testcase classname="Python" name="http_failure_client_406" /><testcase classname="Python" name="http_failure_client_405" /><testcase classname="Python" name="http_failure_client_404" /><testcase classname="Python" name="http_failure_client_403" /><testcase classname="Python" name="http_failure_client_402" /><testcase classname="Python" name="http_failure_client_401" /><testcase classname="Python" name="http_failure_client_400" /><testcase classname="Python" name="http_failure_client_400" /><testcase classname="Python" name="http_failure_client_400" /><testcase classname="Python" name="http_failure_client_400" /><testcase classname="Python" name="http_failure_client_400" /><testcase classname="Python" name="http_failure_client_400" /><testcase classname="Python" name="header_response_protectedkey" /><testcase classname="Python" name="header_response_prim_string" /><testcase classname="Python" name="header_response_prim_string" /><testcase classname="Python" name="header_response_prim_string" /><testcase classname="Python" name="header_response_prim_long" /><testcase classname="Python" name="header_response_prim_long" /><testcase classname="Python" name="header_response_prim_integer" /><testcase classname="Python" name="header_response_prim_integer" /><testcase classname="Python" name="header_response_prim_float" /><testcase classname="Python" name="header_response_prim_float" /><testcase classname="Python" name="header_response_prim_enum" /><testcase classname="Python" name="header_response_prim_enum" /><testcase classname="Python" name="header_response_prim_duration" /><testcase classname="Python" name="header_response_prim_double" /><testcase classname="Python" name="header_response_prim_double" /><testcase classname="Python" name="header_response_prim_datetimerfc1123" /><testcase classname="Python" name="header_response_prim_datetimerfc1123" /><testcase classname="Python" name="header_response_prim_datetime" /><testcase classname="Python" name="header_response_prim_datetime" /><testcase classname="Python" name="header_response_prim_date" /><testcase classname="Python" name="header_response_prim_date" /><testcase classname="Python" name="header_response_prim_byte" /><testcase classname="Python" name="header_response_prim_bool" /><testcase classname="Python" name="header_response_prim_bool" /><testcase classname="Python" name="header_response_existingkey" /><testcase classname="Python" name="header_param_prim_string" /><testcase classname="Python" name="header_param_prim_string" /><testcase classname="Python" name="header_param_prim_string" /><testcase classname="Python" name="header_param_prim_long" /><testcase classname="Python" name="header_param_prim_long" /><testcase classname="Python" name="header_param_prim_integer" /><testcase classname="Python" name="header_param_prim_integer" /><testcase classname="Python" name="header_param_prim_float" /><testcase classname="Python" name="header_param_prim_float" /><testcase classname="Python" name="header_param_prim_enum" /><testcase classname="Python" name="header_param_prim_enum" /><testcase classname="Python" name="header_param_prim_enum" /><testcase classname="Python" name="header_param_prim_duration" /><testcase classname="Python" name="header_param_prim_double" /><testcase classname="Python" name="header_param_prim_double" /><testcase classname="Python" name="header_param_prim_datetimerfc1123" /><testcase classname="Python" name="header_param_prim_datetimerfc1123" /><testcase classname="Python" name="header_param_prim_datetime" /><testcase classname="Python" name="header_param_prim_datetime" /><testcase classname="Python" name="header_param_prim_date" /><testcase classname="Python" name="header_param_prim_date" /><testcase classname="Python" name="header_param_prim_byte" /><testcase classname="Python" name="header_param_prim_bool" /><testcase classname="Python" name="header_param_prim_bool" /><testcase classname="Python" name="header_param_existingkey" /><testcase classname="Python" name="header_custom_x-ms-client-request-id_9c4d50ee-2d56-4cd3-8152-34347dc9f2b0" /><testcase classname="Python" name="formdata_stream_uploadfile" /><testcase classname="Python" name="formdata_stream_uploadfile" /><testcase classname="Python" name="formdata_stream_uploadfile" /><testcase classname="Python" name="formdata_stream_uploadfile" /><testcase classname="Python" name="formdata_stream_uploadfile"><failure /></testcase><testcase classname="Python" name="formdata_stream_uploadfile"><failure /></testcase><testcase classname="Python" name="formdata_stream_uploadfile" /><testcase classname="Python" name="formdata_stream_uploadfile" /><testcase classname="Python" name="files_stream_nonempty" /><testcase classname="Python" name="files_stream_nonempty" /><testcase classname="Python" name="files_stream_empty" /><testcase classname="Python" name="extensibleenums_pet_tommy" /><testcase classname="Python" name="extensibleenums_pet_scooby" /><testcase classname="Python" name="extensibleenums_pet_casper" /><testcase classname="Python" name="extensibleenums_pet_addpet" /><testcase classname="Python" name="duration_positiveduration" /><testcase classname="Python" name="duration_positiveduration" /><testcase classname="Python" name="duration_null" /><testcase classname="Python" name="duration_invalid" /><testcase classname="Python" name="dictionary_prim_string_foonullfoo2" /><testcase classname="Python" name="dictionary_prim_string_foo1foo2foo3" /><testcase classname="Python" name="dictionary_prim_string_foo1foo2foo3" /><testcase classname="Python" name="dictionary_prim_string_foo123foo2" /><testcase classname="Python" name="dictionary_prim_long_1nullzero" /><testcase classname="Python" name="dictionary_prim_long_1integer0" /><testcase classname="Python" name="dictionary_prim_long_1-13300" /><testcase classname="Python" name="dictionary_prim_long_1-13300" /><testcase classname="Python" name="dictionary_prim_integer_1nullzero" /><testcase classname="Python" name="dictionary_prim_integer_1integer0" /><testcase classname="Python" name="dictionary_prim_integer_1-13300" /><testcase classname="Python" name="dictionary_prim_integer_1-13300" /><testcase classname="Python" name="dictionary_prim_float_1number0" /><testcase classname="Python" name="dictionary_prim_float_00-null-12e20" /><testcase classname="Python" name="dictionary_prim_float_0--001-12e20" /><testcase classname="Python" name="dictionary_prim_float_0--001-12e20" /><testcase classname="Python" name="dictionary_prim_duration_valid" /><testcase classname="Python" name="dictionary_prim_duration_valid" /><testcase classname="Python" name="dictionary_prim_double_1number0" /><testcase classname="Python" name="dictionary_prim_double_00-null-12e20" /><testcase classname="Python" name="dictionary_prim_double_0--001-12e20" /><testcase classname="Python" name="dictionary_prim_double_0--001-12e20" /><testcase classname="Python" name="dictionary_prim_date_valid" /><testcase classname="Python" name="dictionary_prim_date_valid" /><testcase classname="Python" name="dictionary_prim_date_invalidnull" /><testcase classname="Python" name="dictionary_prim_date_invalidchars" /><testcase classname="Python" name="dictionary_prim_date-time_valid" /><testcase classname="Python" name="dictionary_prim_date-time_valid" /><testcase classname="Python" name="dictionary_prim_date-time_invalidnull" /><testcase classname="Python" name="dictionary_prim_date-time_invalidchars" /><testcase classname="Python" name="dictionary_prim_date-time-rfc1123_valid" /><testcase classname="Python" name="dictionary_prim_date-time-rfc1123_valid" /><testcase classname="Python" name="dictionary_prim_byte_valid" /><testcase classname="Python" name="dictionary_prim_byte_valid" /><testcase classname="Python" name="dictionary_prim_byte_invalidnull" /><testcase classname="Python" name="dictionary_prim_boolean_truenullfalse" /><testcase classname="Python" name="dictionary_prim_boolean_truebooleanfalse" /><testcase classname="Python" name="dictionary_prim_boolean_tfft" /><testcase classname="Python" name="dictionary_prim_boolean_tfft" /><testcase classname="Python" name="dictionary_prim_base64url_valid" /><testcase classname="Python" name="dictionary_nullvalue" /><testcase classname="Python" name="dictionary_nullkey" /><testcase classname="Python" name="dictionary_null" /><testcase classname="Python" name="dictionary_keyemptystring" /><testcase classname="Python" name="dictionary_invalid" /><testcase classname="Python" name="dictionary_empty_get" /><testcase classname="Python" name="dictionary_empty_put" /><testcase classname="Python" name="dictionary_dictionary_valid" /><testcase classname="Python" name="dictionary_dictionary_valid" /><testcase classname="Python" name="dictionary_dictionary_null" /><testcase classname="Python" name="dictionary_dictionary_itemnull" /><testcase classname="Python" name="dictionary_dictionary_itemempty" /><testcase classname="Python" name="dictionary_dictionary_empty" /><testcase classname="Python" name="dictionary_complex_valid" /><testcase classname="Python" name="dictionary_complex_valid" /><testcase classname="Python" name="dictionary_complex_null" /><testcase classname="Python" name="dictionary_complex_null" /><testcase classname="Python" name="dictionary_complex_itemnull" /><testcase classname="Python" name="dictionary_complex_itemempty" /><testcase classname="Python" name="dictionary_complex_empty" /><testcase classname="Python" name="dictionary_complex_empty" /><testcase classname="Python" name="dictionary_array_valid" /><testcase classname="Python" name="dictionary_array_valid" /><testcase classname="Python" name="dictionary_array_null" /><testcase classname="Python" name="dictionary_array_itemnull" /><testcase classname="Python" name="dictionary_array_itemempty" /><testcase classname="Python" name="dictionary_array_empty" /><testcase classname="Python" name="date_underflowdate" /><testcase classname="Python" name="date_underflowdate"><failure /></testcase><testcase classname="Python" name="date_overflowdate" /><testcase classname="Python" name="date_overflowdate"><failure /></testcase><testcase classname="Python" name="date_null" /><testcase classname="Python" name="date_null"><failure /></testcase><testcase classname="Python" name="date_min" /><testcase classname="Python" name="date_min"><failure /></testcase><testcase classname="Python" name="date_min" /><testcase classname="Python" name="date_min"><failure /></testcase><testcase classname="Python" name="date_max" /><testcase classname="Python" name="date_max" /><testcase classname="Python" name="date_max"><failure /></testcase><testcase classname="Python" name="date_max"><failure /></testcase><testcase classname="Python" name="date_invaliddate" /><testcase classname="Python" name="date_invaliddate"><failure /></testcase><testcase classname="Python" name="datetime_underflow" /><testcase classname="Python" name="datetime_underflow"><failure /></testcase><testcase classname="Python" name="datetime_overflow" /><testcase classname="Python" name="datetime_overflow"><failure /></testcase><testcase classname="Python" name="datetime_null" /><testcase classname="Python" name="datetime_null"><failure /></testcase><testcase classname="Python" name="datetime_min_utc" /><testcase classname="Python" name="datetime_min_utc"><failure /></testcase><testcase classname="Python" name="datetime_min_utc" /><testcase classname="Python" name="datetime_min_utc"><failure /></testcase><testcase classname="Python" name="datetime_min_localpositiveoffset" /><testcase classname="Python" name="datetime_min_localpositiveoffset"><failure /></testcase><testcase classname="Python" name="datetime_min_localnegativeoffset" /><testcase classname="Python" name="datetime_min_localnegativeoffset" /><testcase classname="Python" name="datetime_min_localnegativeoffset"><failure /></testcase><testcase classname="Python" name="datetime_min_localnegativeoffset"><failure /></testcase><testcase classname="Python" name="datetime_max_utc_uppercase" /><testcase classname="Python" name="datetime_max_utc_uppercase"><failure /></testcase><testcase classname="Python" name="datetime_max_utc_lowercase" /><testcase classname="Python" name="datetime_max_utc_lowercase"><failure /></testcase><testcase classname="Python" name="datetime_max_utc" /><testcase classname="Python" name="datetime_max_utc"><failure /></testcase><testcase classname="Python" name="datetime_max_localpositiveoffset_uppercase" /><testcase classname="Python" name="datetime_max_localpositiveoffset_uppercase"><failure /></testcase><testcase classname="Python" name="datetime_max_localpositiveoffset_lowercase" /><testcase classname="Python" name="datetime_max_localpositiveoffset_lowercase"><failure /></testcase><testcase classname="Python" name="datetime_max_localpositiveoffset" /><testcase classname="Python" name="datetime_max_localpositiveoffset"><failure /></testcase><testcase classname="Python" name="datetime_max_localnegativeoffset_uppercase" /><testcase classname="Python" name="datetime_max_localnegativeoffset_uppercase"><failure /></testcase><testcase classname="Python" name="datetime_max_localnegativeoffset_lowercase" /><testcase classname="Python" name="datetime_max_localnegativeoffset_lowercase"><failure /></testcase><testcase classname="Python" name="datetime_invalid" /><testcase classname="Python" name="datetime_invalid"><failure /></testcase><testcase classname="Python" name="datetimerfc1123_underflow" /><testcase classname="Python" name="datetimerfc1123_underflow"><failure /></testcase><testcase classname="Python" name="datetimerfc1123_overflow" /><testcase classname="Python" name="datetimerfc1123_overflow"><failure /></testcase><testcase classname="Python" name="datetimerfc1123_null" /><testcase classname="Python" name="datetimerfc1123_null"><failure /></testcase><testcase classname="Python" name="datetimerfc1123_min" /><testcase classname="Python" name="datetimerfc1123_min" /><testcase classname="Python" name="datetimerfc1123_min"><failure /></testcase><testcase classname="Python" name="datetimerfc1123_min"><failure /></testcase><testcase classname="Python" name="datetimerfc1123_max_uppercase" /><testcase classname="Python" name="datetimerfc1123_max_uppercase"><failure /></testcase><testcase classname="Python" name="datetimerfc1123_max_lowercase" /><testcase classname="Python" name="datetimerfc1123_max_lowercase"><failure /></testcase><testcase classname="Python" name="datetimerfc1123_max" /><testcase classname="Python" name="datetimerfc1123_max"><failure /></testcase><testcase classname="Python" name="datetimerfc1123_invalid" /><testcase classname="Python" name="datetimerfc1123_invalid"><failure /></testcase><testcase classname="Python" name="customuri_test12_key1" /><testcase classname="Python" name="customuri" /><testcase classname="Python" name="complex_readonlyproperty_valid" /><testcase classname="Python" name="complex_readonlyproperty_valid" /><testcase classname="Python" name="complex_primitive_string" /><testcase classname="Python" name="complex_primitive_string" /><testcase classname="Python" name="complex_primitive_long" /><testcase classname="Python" name="complex_primitive_long" /><testcase classname="Python" name="complex_primitive_integer" /><testcase classname="Python" name="complex_primitive_integer" /><testcase classname="Python" name="complex_primitive_float" /><testcase classname="Python" name="complex_primitive_float" /><testcase classname="Python" name="complex_primitive_duration" /><testcase classname="Python" name="complex_primitive_duration" /><testcase classname="Python" name="complex_primitive_double" /><testcase classname="Python" name="complex_primitive_double" /><testcase classname="Python" name="complex_primitive_datetimerfc1123" /><testcase classname="Python" name="complex_primitive_datetimerfc1123" /><testcase classname="Python" name="complex_primitive_datetime" /><testcase classname="Python" name="complex_primitive_datetime" /><testcase classname="Python" name="complex_primitive_date" /><testcase classname="Python" name="complex_primitive_date" /><testcase classname="Python" name="complex_primitive_byte" /><testcase classname="Python" name="complex_primitive_byte" /><testcase classname="Python" name="complex_primitive_bool" /><testcase classname="Python" name="complex_primitive_bool" /><testcase classname="Python" name="complex_polymorphism_valid" /><testcase classname="Python" name="complex_polymorphism_valid" /><testcase classname="Python" name="complex_polymorphism_missingdiscriminator" /><testcase classname="Python" name="complex_polymorphism_complicated" /><testcase classname="Python" name="complex_polymorphism_complicated" /><testcase classname="Python" name="complex_polymorphicrecursive_valid" /><testcase classname="Python" name="complex_polymorphicrecursive_valid" /><testcase classname="Python" name="complex_inheritance_valid" /><testcase classname="Python" name="complex_inheritance_valid" /><testcase classname="Python" name="complex_dictionary_typed_valid" /><testcase classname="Python" name="complex_dictionary_typed_valid" /><testcase classname="Python" name="complex_dictionary_typed_null" /><testcase classname="Python" name="complex_dictionary_typed_notprovided" /><testcase classname="Python" name="complex_dictionary_typed_empty" /><testcase classname="Python" name="complex_dictionary_typed_empty" /><testcase classname="Python" name="complex_basic_valid" /><testcase classname="Python" name="complex_basic_valid" /><testcase classname="Python" name="complex_basic_valid" /><testcase classname="Python" name="complex_basic_null" /><testcase classname="Python" name="complex_basic_notprovided" /><testcase classname="Python" name="complex_basic_invalid" /><testcase classname="Python" name="complex_basic_empty" /><testcase classname="Python" name="complex_array_valid" /><testcase classname="Python" name="complex_array_valid" /><testcase classname="Python" name="complex_array_notprovided" /><testcase classname="Python" name="complex_array_empty" /><testcase classname="Python" name="complex_array_empty" /><testcase classname="Python" name="byte_null" /><testcase classname="Python" name="byte_nonascii" /><testcase classname="Python" name="byte_nonascii" /><testcase classname="Python" name="byte_invalid" /><testcase classname="Python" name="byte_empty" /><testcase classname="Python" name="bool_true" /><testcase classname="Python" name="bool_true" /><testcase classname="Python" name="bool_null" /><testcase classname="Python" name="bool_invalid" /><testcase classname="Python" name="bool_false" /><testcase classname="Python" name="bool_false" /><testcase classname="Python" name="array_prim_uuid_valid" /><testcase classname="Python" name="array_prim_uuid_valid" /><testcase classname="Python" name="array_prim_uuid_invalidchars" /><testcase classname="Python" name="array_prim_string_foonullfoo2" /><testcase classname="Python" name="array_prim_string_foo1foo2foo3" /><testcase classname="Python" name="array_prim_string_foo1foo2foo3" /><testcase classname="Python" name="array_prim_string_foo123foo2" /><testcase classname="Python" name="array_prim_string_foo123foo2" /><testcase classname="Python" name="array_prim_long_1nullzero" /><testcase classname="Python" name="array_prim_long_1integer0" /><testcase classname="Python" name="array_prim_long_1-13300" /><testcase classname="Python" name="array_prim_long_1-13300" /><testcase classname="Python" name="array_prim_integer_1nullzero" /><testcase classname="Python" name="array_prim_integer_1integer0" /><testcase classname="Python" name="array_prim_integer_1-13300" /><testcase classname="Python" name="array_prim_integer_1-13300" /><testcase classname="Python" name="array_prim_float_1number0" /><testcase classname="Python" name="array_prim_float_00-null-12e20" /><testcase classname="Python" name="array_prim_float_0--001-12e20" /><testcase classname="Python" name="array_prim_float_0--001-12e20" /><testcase classname="Python" name="array_prim_duration_valid" /><testcase classname="Python" name="array_prim_duration_valid" /><testcase classname="Python" name="array_prim_double_1number0" /><testcase classname="Python" name="array_prim_double_00-null-12e20" /><testcase classname="Python" name="array_prim_double_0--001-12e20" /><testcase classname="Python" name="array_prim_double_0--001-12e20" /><testcase classname="Python" name="array_prim_date_valid" /><testcase classname="Python" name="array_prim_date_valid" /><testcase classname="Python" name="array_prim_date_invalidnull" /><testcase classname="Python" name="array_prim_date_invalidchars" /><testcase classname="Python" name="array_prim_date-time_valid" /><testcase classname="Python" name="array_prim_date-time_valid" /><testcase classname="Python" name="array_prim_date-time_invalidnull" /><testcase classname="Python" name="array_prim_date-time_invalidchars" /><testcase classname="Python" name="array_prim_date-time-rfc1123_valid" /><testcase classname="Python" name="array_prim_date-time-rfc1123_valid" /><testcase classname="Python" name="array_prim_byte_valid" /><testcase classname="Python" name="array_prim_byte_valid" /><testcase classname="Python" name="array_prim_byte_invalidnull" /><testcase classname="Python" name="array_prim_boolean_truenullfalse" /><testcase classname="Python" name="array_prim_boolean_truebooleanfalse" /><testcase classname="Python" name="array_prim_boolean_tfft" /><testcase classname="Python" name="array_prim_boolean_tfft" /><testcase classname="Python" name="array_prim_base64url_valid" /><testcase classname="Python" name="array_null" /><testcase classname="Python" name="array_invalid" /><testcase classname="Python" name="array_empty" /><testcase classname="Python" name="array_empty" /><testcase classname="Python" name="array_dictionary_valid" /><testcase classname="Python" name="array_dictionary_valid" /><testcase classname="Python" name="array_dictionary_null" /><testcase classname="Python" name="array_dictionary_itemnull" /><testcase classname="Python" name="array_dictionary_itemempty" /><testcase classname="Python" name="array_dictionary_empty" /><testcase classname="Python" name="array_complex_valid" /><testcase classname="Python" name="array_complex_valid" /><testcase classname="Python" name="array_complex_null" /><testcase classname="Python" name="array_complex_itemnull" /><testcase classname="Python" name="array_complex_itemempty" /><testcase classname="Python" name="array_complex_empty" /><testcase classname="Python" name="array_array_valid" /><testcase classname="Python" name="array_array_valid" /><testcase classname="Python" name="array_array_null" /><testcase classname="Python" name="array_array_itemnull" /><testcase classname="Python" name="array_array_itemempty" /><testcase classname="Python" name="array_array_empty" /><testcase classname="Python" name="additionalproperties_type_string" /><testcase classname="Python" name="additionalproperties_type_object" /><testcase classname="Python" name="additionalproperties_true" /><testcase classname="Python" name="additionalproperties_in_properties_with_additionalproperties_string" /><testcase classname="Python" name="additionalproperties_in_properties" /><testcase classname="Python" name="31030145-5169-47a6-9c09-df6d13da76ca"><failure /></testcase><testcase classname="Python" name="6708bbcb-04e5-4d69-9491-ba56424fff7a"><failure /></testcase><testcase classname="Python" name="cbb22b2f-b6c8-4cac-8cd7-5346c07bdc03"><failure /></testcase><testcase classname="Python" name="91339ec5-c7cb-45dc-a277-1614088c41e0"><failure /></testcase><testcase classname="Python" name="746478f0-6c96-488f-93e0-6634b287adb4"><failure /></testcase><testcase classname="Python" name="ea8caf7a-0afc-4fd1-9339-42e0a106346d"><failure /></testcase><testcase classname="Python" name="b3020201-5908-474f-9056-a6fc35f7f405"><failure /></testcase><testcase classname="Python" name="882beb93-2521-4cd5-88d5-048f4f15f781"><failure /></testcase><testcase classname="Python" name="99733f09-1385-4b6c-bff2-759bd057318e"><failure /></testcase><testcase classname="Python" name="subscriptions_af630a32-cec7-4c29-932d-16c1bd3fa166_resourcegroups_testgoup101"><failure /></testcase><testcase classname="Python" name="report_azure"><failure /></testcase><testcase classname="Python" name="parametergrouping_sharedparametergroupobject"><failure /></testcase><testcase classname="Python" name="parametergrouping_postrequired_path"><failure /></testcase><testcase classname="Python" name="parametergrouping_postrequired_path"><failure /></testcase><testcase classname="Python" name="parametergrouping_postoptional"><failure /></testcase><testcase classname="Python" name="parametergrouping_postoptional"><failure /></testcase><testcase classname="Python" name="parametergrouping_postmultipleparametergroups"><failure /></testcase><testcase classname="Python" name="parametergrouping_postmultipleparametergroups"><failure /></testcase><testcase classname="Python" name="paging_single_failure"><failure /></testcase><testcase classname="Python" name="paging_single_failure"><failure /></testcase><testcase classname="Python" name="paging_single"><failure /></testcase><testcase classname="Python" name="paging_single"><failure /></testcase><testcase classname="Python" name="paging_multiple_withpath_page_100_9"><failure /></testcase><testcase classname="Python" name="paging_multiple_withpath_page_100_8"><failure /></testcase><testcase classname="Python" name="paging_multiple_withpath_page_100_7"><failure /></testcase><testcase classname="Python" name="paging_multiple_withpath_page_100_6"><failure /></testcase><testcase classname="Python" name="paging_multiple_withpath_page_100_5"><failure /></testcase><testcase classname="Python" name="paging_multiple_withpath_page_100_4"><failure /></testcase><testcase classname="Python" name="paging_multiple_withpath_page_100_3"><failure /></testcase><testcase classname="Python" name="paging_multiple_withpath_page_100_2"><failure /></testcase><testcase classname="Python" name="paging_multiple_withpath_page_100_10"><failure /></testcase><testcase classname="Python" name="paging_multiple_withpath_100"><failure /></testcase><testcase classname="Python" name="paging_multiple_retrysecond_page_9"><failure /></testcase><testcase classname="Python" name="paging_multiple_retrysecond_page_8"><failure /></testcase><testcase classname="Python" name="paging_multiple_retrysecond_page_7"><failure /></testcase><testcase classname="Python" name="paging_multiple_retrysecond_page_6"><failure /></testcase><testcase classname="Python" name="paging_multiple_retrysecond_page_5"><failure /></testcase><testcase classname="Python" name="paging_multiple_retrysecond_page_4"><failure /></testcase><testcase classname="Python" name="paging_multiple_retrysecond_page_3"><failure /></testcase><testcase classname="Python" name="paging_multiple_retrysecond_page_2"><failure /></testcase><testcase classname="Python" name="paging_multiple_retrysecond_page_2"><failure /></testcase><testcase classname="Python" name="paging_multiple_retrysecond_page_10"><failure /></testcase><testcase classname="Python" name="paging_multiple_retrysecond"><failure /></testcase><testcase classname="Python" name="paging_multiple_retryfirst"><failure /></testcase><testcase classname="Python" name="paging_multiple_retryfirst"><failure /></testcase><testcase classname="Python" name="paging_multiple_page_9"><failure /></testcase><testcase classname="Python" name="paging_multiple_page_9"><failure /></testcase><testcase classname="Python" name="paging_multiple_page_9"><failure /></testcase><testcase classname="Python" name="paging_multiple_page_9"><failure /></testcase><testcase classname="Python" name="paging_multiple_page_8"><failure /></testcase><testcase classname="Python" name="paging_multiple_page_8"><failure /></testcase><testcase classname="Python" name="paging_multiple_page_8"><failure /></testcase><testcase classname="Python" name="paging_multiple_page_8"><failure /></testcase><testcase classname="Python" name="paging_multiple_page_7"><failure /></testcase><testcase classname="Python" name="paging_multiple_page_7"><failure /></testcase><testcase classname="Python" name="paging_multiple_page_7"><failure /></testcase><testcase classname="Python" name="paging_multiple_page_7"><failure /></testcase><testcase classname="Python" name="paging_multiple_page_6"><failure /></testcase><testcase classname="Python" name="paging_multiple_page_6"><failure /></testcase><testcase classname="Python" name="paging_multiple_page_6"><failure /></testcase><testcase classname="Python" name="paging_multiple_page_6"><failure /></testcase><testcase classname="Python" name="paging_multiple_page_5"><failure /></testcase><testcase classname="Python" name="paging_multiple_page_5"><failure /></testcase><testcase classname="Python" name="paging_multiple_page_5"><failure /></testcase><testcase classname="Python" name="paging_multiple_page_5"><failure /></testcase><testcase classname="Python" name="paging_multiple_page_4"><failure /></testcase><testcase classname="Python" name="paging_multiple_page_4"><failure /></testcase><testcase classname="Python" name="paging_multiple_page_4"><failure /></testcase><testcase classname="Python" name="paging_multiple_page_4"><failure /></testcase><testcase classname="Python" name="paging_multiple_page_3"><failure /></testcase><testcase classname="Python" name="paging_multiple_page_3"><failure /></testcase><testcase classname="Python" name="paging_multiple_page_3"><failure /></testcase><testcase classname="Python" name="paging_multiple_page_3"><failure /></testcase><testcase classname="Python" name="paging_multiple_page_2"><failure /></testcase><testcase classname="Python" name="paging_multiple_page_2"><failure /></testcase><testcase classname="Python" name="paging_multiple_page_2"><failure /></testcase><testcase classname="Python" name="paging_multiple_page_2"><failure /></testcase><testcase classname="Python" name="paging_multiple_page_10"><failure /></testcase><testcase classname="Python" name="paging_multiple_page_10"><failure /></testcase><testcase classname="Python" name="paging_multiple_page_10"><failure /></testcase><testcase classname="Python" name="paging_multiple_page_10"><failure /></testcase><testcase classname="Python" name="paging_multiple_odata_page_9"><failure /></testcase><testcase classname="Python" name="paging_multiple_odata_page_8"><failure /></testcase><testcase classname="Python" name="paging_multiple_odata_page_7"><failure /></testcase><testcase classname="Python" name="paging_multiple_odata_page_6"><failure /></testcase><testcase classname="Python" name="paging_multiple_odata_page_5"><failure /></testcase><testcase classname="Python" name="paging_multiple_odata_page_4"><failure /></testcase><testcase classname="Python" name="paging_multiple_odata_page_3"><failure /></testcase><testcase classname="Python" name="paging_multiple_odata_page_2"><failure /></testcase><testcase classname="Python" name="paging_multiple_odata_page_10"><failure /></testcase><testcase classname="Python" name="paging_multiple_odata"><failure /></testcase><testcase classname="Python" name="paging_multiple_fragment_test_user_next"><failure /></testcase><testcase classname="Python" name="paging_multiple_fragment_test_user_next"><failure /></testcase><testcase classname="Python" name="paging_multiple_fragment_test_user_next"><failure /></testcase><testcase classname="Python" name="paging_multiple_fragment_test_user_next"><failure /></testcase><testcase classname="Python" name="paging_multiple_fragment_test_user_next"><failure /></testcase><testcase classname="Python" name="paging_multiple_fragment_test_user_next"><failure /></testcase><testcase classname="Python" name="paging_multiple_fragment_test_user_next"><failure /></testcase><testcase classname="Python" name="paging_multiple_fragment_test_user_next"><failure /></testcase><testcase classname="Python" name="paging_multiple_fragment_test_user_next"><failure /></testcase><testcase classname="Python" name="paging_multiple_fragment_test_user"><failure /></testcase><testcase classname="Python" name="paging_multiple_failure_page_2"><failure /></testcase><testcase classname="Python" name="paging_multiple_failure_page_2"><failure /></testcase><testcase classname="Python" name="paging_multiple_failureuri"><failure /></testcase><testcase classname="Python" name="paging_multiple_failureuri"><failure /></testcase><testcase classname="Python" name="paging_multiple_failure"><failure /></testcase><testcase classname="Python" name="paging_multiple_failure"><failure /></testcase><testcase classname="Python" name="paging_multiple"><failure /></testcase><testcase classname="Python" name="paging_multiple"><failure /></testcase><testcase classname="Python" name="paging_multiple"><failure /></testcase><testcase classname="Python" name="lro_retryerror_put_201_creating_succeeded_200"><failure /></testcase><testcase classname="Python" name="lro_retryerror_put_201_creating_succeeded_200"><failure /></testcase><testcase classname="Python" name="lro_retryerror_put_201_creating_succeeded_200"><failure /></testcase><testcase classname="Python" name="lro_retryerror_put_201_creating_succeeded_200"><failure /></testcase><testcase classname="Python" name="lro_retryerror_putasync_retry_succeeded_operationresults_200"><failure /></testcase><testcase classname="Python" name="lro_retryerror_putasync_retry_succeeded_operationresults_200"><failure /></testcase><testcase classname="Python" name="lro_retryerror_putasync_retry_succeeded"><failure /></testcase><testcase classname="Python" name="lro_retryerror_putasync_retry_succeeded"><failure /></testcase><testcase classname="Python" name="lro_retryerror_putasync_retry_succeeded"><failure /></testcase><testcase classname="Python" name="lro_retryerror_putasync_retry_succeeded"><failure /></testcase><testcase classname="Python" name="lro_retryerror_post_202_retry_200_operationresults"><failure /></testcase><testcase classname="Python" name="lro_retryerror_post_202_retry_200_operationresults"><failure /></testcase><testcase classname="Python" name="lro_retryerror_post_202_retry_200"><failure /></testcase><testcase classname="Python" name="lro_retryerror_post_202_retry_200"><failure /></testcase><testcase classname="Python" name="lro_retryerror_postasync_retry_succeeded_operationresults_200"><failure /></testcase><testcase classname="Python" name="lro_retryerror_postasync_retry_succeeded_operationresults_200"><failure /></testcase><testcase classname="Python" name="lro_retryerror_postasync_retry_succeeded"><failure /></testcase><testcase classname="Python" name="lro_retryerror_postasync_retry_succeeded"><failure /></testcase><testcase classname="Python" name="lro_retryerror_delete_provisioning_202_accepted_200_succeeded"><failure /></testcase><testcase classname="Python" name="lro_retryerror_delete_provisioning_202_accepted_200_succeeded"><failure /></testcase><testcase classname="Python" name="lro_retryerror_delete_provisioning_202_accepted_200_succeeded"><failure /></testcase><testcase classname="Python" name="lro_retryerror_delete_provisioning_202_accepted_200_succeeded"><failure /></testcase><testcase classname="Python" name="lro_retryerror_delete_202_retry_200"><failure /></testcase><testcase classname="Python" name="lro_retryerror_delete_202_retry_200"><failure /></testcase><testcase classname="Python" name="lro_retryerror_delete_202_retry_200"><failure /></testcase><testcase classname="Python" name="lro_retryerror_delete_202_retry_200"><failure /></testcase><testcase classname="Python" name="lro_retryerror_deleteasync_retry_succeeded_operationresults_200"><failure /></testcase><testcase classname="Python" name="lro_retryerror_deleteasync_retry_succeeded_operationresults_200"><failure /></testcase><testcase classname="Python" name="lro_retryerror_deleteasync_retry_succeeded"><failure /></testcase><testcase classname="Python" name="lro_retryerror_deleteasync_retry_succeeded"><failure /></testcase><testcase classname="Python" name="lro_put_noheader_operationresults"><failure /></testcase><testcase classname="Python" name="lro_put_noheader_operationresults"><failure /></testcase><testcase classname="Python" name="lro_put_noheader_202_200"><failure /></testcase><testcase classname="Python" name="lro_put_202_retry_operationresults_200"><failure /></testcase><testcase classname="Python" name="lro_put_202_retry_200"><failure /></testcase><testcase classname="Python" name="lro_put_201_creating_succeeded_200"><failure /></testcase><testcase classname="Python" name="lro_put_201_creating_succeeded_200"><failure /></testcase><testcase classname="Python" name="lro_put_201_creating_succeeded_200"><failure /></testcase><testcase classname="Python" name="lro_put_201_creating_succeeded_200"><failure /></testcase><testcase classname="Python" name="lro_put_201_creating_succeeded_200"><failure /></testcase><testcase classname="Python" name="lro_put_201_creating_succeeded_200"><failure /></testcase><testcase classname="Python" name="lro_put_201_created_failed_200"><failure /></testcase><testcase classname="Python" name="lro_put_201_created_failed_200"><failure /></testcase><testcase classname="Python" name="lro_put_201_created_failed_200"><failure /></testcase><testcase classname="Python" name="lro_put_201_created_failed_200"><failure /></testcase><testcase classname="Python" name="lro_put_200_updating_succeeded_200"><failure /></testcase><testcase classname="Python" name="lro_put_200_updating_succeeded_200"><failure /></testcase><testcase classname="Python" name="lro_put_200_updating_succeeded_200"><failure /></testcase><testcase classname="Python" name="lro_put_200_updating_succeeded_200"><failure /></testcase><testcase classname="Python" name="lro_put_200_succeeded_nostate"><failure /></testcase><testcase classname="Python" name="lro_put_200_succeeded"><failure /></testcase><testcase classname="Python" name="lro_put_200_accepted_canceled_200"><failure /></testcase><testcase classname="Python" name="lro_put_200_accepted_canceled_200"><failure /></testcase><testcase classname="Python" name="lro_put_200_accepted_canceled_200"><failure /></testcase><testcase classname="Python" name="lro_put_200_accepted_canceled_200"><failure /></testcase><testcase classname="Python" name="lro_putsubresource_operationresults"><failure /></testcase><testcase classname="Python" name="lro_putsubresource_operationresults"><failure /></testcase><testcase classname="Python" name="lro_putsubresource_202_200"><failure /></testcase><testcase classname="Python" name="lro_putsubresourceasync_operationresults_123"><failure /></testcase><testcase classname="Python" name="lro_putsubresourceasync_operationresults_123"><failure /></testcase><testcase classname="Python" name="lro_putsubresourceasync_202_200"><failure /></testcase><testcase classname="Python" name="lro_putsubresourceasync_202_200"><failure /></testcase><testcase classname="Python" name="lro_putnonresource_operationresults"><failure /></testcase><testcase classname="Python" name="lro_putnonresource_operationresults"><failure /></testcase><testcase classname="Python" name="lro_putnonresource_202_200"><failure /></testcase><testcase classname="Python" name="lro_putnonresourceasync_operationresults_123"><failure /></testcase><testcase classname="Python" name="lro_putnonresourceasync_operationresults_123"><failure /></testcase><testcase classname="Python" name="lro_putnonresourceasync_202_200"><failure /></testcase><testcase classname="Python" name="lro_putnonresourceasync_202_200"><failure /></testcase><testcase classname="Python" name="lro_putasync_retry_succeeded_operationresults_200"><failure /></testcase><testcase classname="Python" name="lro_putasync_retry_succeeded_operationresults_200"><failure /></testcase><testcase classname="Python" name="lro_putasync_retry_succeeded"><failure /></testcase><testcase classname="Python" name="lro_putasync_retry_succeeded"><failure /></testcase><testcase classname="Python" name="lro_putasync_retry_failed_operationresults_200"><failure /></testcase><testcase classname="Python" name="lro_putasync_retry_failed_operationresults_200"><failure /></testcase><testcase classname="Python" name="lro_putasync_retry_failed"><failure /></testcase><testcase classname="Python" name="lro_putasync_noretry_succeeded_operationresults_200"><failure /></testcase><testcase classname="Python" name="lro_putasync_noretry_succeeded_operationresults_200"><failure /></testcase><testcase classname="Python" name="lro_putasync_noretry_succeeded"><failure /></testcase><testcase classname="Python" name="lro_putasync_noretry_succeeded"><failure /></testcase><testcase classname="Python" name="lro_putasync_noretry_canceled_operationresults_200"><failure /></testcase><testcase classname="Python" name="lro_putasync_noretry_canceled_operationresults_200"><failure /></testcase><testcase classname="Python" name="lro_putasync_noretry_canceled"><failure /></testcase><testcase classname="Python" name="lro_putasync_noheader_operationresults_123"><failure /></testcase><testcase classname="Python" name="lro_putasync_noheader_operationresults_123"><failure /></testcase><testcase classname="Python" name="lro_putasync_noheader_201_200"><failure /></testcase><testcase classname="Python" name="lro_putasync_noheader_201_200"><failure /></testcase><testcase classname="Python" name="lro_post_payload_200"><failure /></testcase><testcase classname="Python" name="lro_post_payload_200"><failure /></testcase><testcase classname="Python" name="lro_post_newuri_202_retry_200"><failure /></testcase><testcase classname="Python" name="lro_post_newuri_202_noretry_204"><failure /></testcase><testcase classname="Python" name="lro_post_202_retry_200"><failure /></testcase><testcase classname="Python" name="lro_post_202_retry_200"><failure /></testcase><testcase classname="Python" name="lro_post_202_noretry_204"><failure /></testcase><testcase classname="Python" name="lro_post_202_noretry_204"><failure /></testcase><testcase classname="Python" name="lro_postasync_retry_succeeded_operationresults_200"><failure /></testcase><testcase classname="Python" name="lro_postasync_retry_succeeded_operationresults_200"><failure /></testcase><testcase classname="Python" name="lro_postasync_retry_succeeded"><failure /></testcase><testcase classname="Python" name="lro_postasync_retry_failed_operationresults_200"><failure /></testcase><testcase classname="Python" name="lro_postasync_retry_failed_operationresults_200"><failure /></testcase><testcase classname="Python" name="lro_postasync_retry_failed"><failure /></testcase><testcase classname="Python" name="lro_postasync_retry_canceled_operationresults_200"><failure /></testcase><testcase classname="Python" name="lro_postasync_retry_canceled_operationresults_200"><failure /></testcase><testcase classname="Python" name="lro_postasync_retry_canceled"><failure /></testcase><testcase classname="Python" name="lro_postasync_noretry_succeeded_operationresults_200"><failure /></testcase><testcase classname="Python" name="lro_postasync_noretry_succeeded_operationresults_200"><failure /></testcase><testcase classname="Python" name="lro_postasync_noretry_succeeded"><failure /></testcase><testcase classname="Python" name="lro_nonretryerror_put_400"><failure /></testcase><testcase classname="Python" name="lro_nonretryerror_put_201_creating_400_invalidjson"><failure /></testcase><testcase classname="Python" name="lro_nonretryerror_put_201_creating_400_invalidjson"><failure /></testcase><testcase classname="Python" name="lro_nonretryerror_put_201_creating_400"><failure /></testcase><testcase classname="Python" name="lro_nonretryerror_put_201_creating_400"><failure /></testcase><testcase classname="Python" name="lro_nonretryerror_putasync_retry_failed_operationresults_400"><failure /></testcase><testcase classname="Python" name="lro_nonretryerror_putasync_retry_400"><failure /></testcase><testcase classname="Python" name="lro_nonretryerror_post_400"><failure /></testcase><testcase classname="Python" name="lro_nonretryerror_post_202_retry_400"><failure /></testcase><testcase classname="Python" name="lro_nonretryerror_post_202_retry_400"><failure /></testcase><testcase classname="Python" name="lro_nonretryerror_postasync_retry_failed_operationresults_400"><failure /></testcase><testcase classname="Python" name="lro_nonretryerror_postasync_retry_400"><failure /></testcase><testcase classname="Python" name="lro_nonretryerror_delete_400"><failure /></testcase><testcase classname="Python" name="lro_nonretryerror_delete_202_retry_400"><failure /></testcase><testcase classname="Python" name="lro_nonretryerror_delete_202_retry_400"><failure /></testcase><testcase classname="Python" name="lro_nonretryerror_deleteasync_retry_failed_operationresults_400"><failure /></testcase><testcase classname="Python" name="lro_nonretryerror_deleteasync_retry_400"><failure /></testcase><testcase classname="Python" name="lro_lropostdoubleheadersfinallocationget_location"><failure /></testcase><testcase classname="Python" name="lro_lropostdoubleheadersfinallocationget_asyncoperationurl"><failure /></testcase><testcase classname="Python" name="lro_lropostdoubleheadersfinallocationget"><failure /></testcase><testcase classname="Python" name="lro_lropostdoubleheadersfinalazureheaderget_asyncoperationurl"><failure /></testcase><testcase classname="Python" name="lro_lropostdoubleheadersfinalazureheaderget"><failure /></testcase><testcase classname="Python" name="lro_error_put_201_noprovisioningstatepayload"><failure /></testcase><testcase classname="Python" name="lro_error_put_201_noprovisioningstatepayload"><failure /></testcase><testcase classname="Python" name="lro_error_put_200_invalidjson"><failure /></testcase><testcase classname="Python" name="lro_error_putasync_retry_nostatuspayload"><failure /></testcase><testcase classname="Python" name="lro_error_putasync_retry_nostatus"><failure /></testcase><testcase classname="Python" name="lro_error_putasync_retry_invalidjsonpolling"><failure /></testcase><testcase classname="Python" name="lro_error_putasync_retry_invalidheader"><failure /></testcase><testcase classname="Python" name="lro_error_putasync_retry_failed_operationresults_nostatuspayload"><failure /></testcase><testcase classname="Python" name="lro_error_putasync_retry_failed_operationresults_nostatus"><failure /></testcase><testcase classname="Python" name="lro_error_putasync_retry_failed_operationresults_invalidjsonpolling"><failure /></testcase><testcase classname="Python" name="lro_error_post_202_retry_invalidheader"><failure /></testcase><testcase classname="Python" name="lro_error_post_202_nolocation"><failure /></testcase><testcase classname="Python" name="lro_error_postasync_retry_nopayload"><failure /></testcase><testcase classname="Python" name="lro_error_postasync_retry_invalidjsonpolling"><failure /></testcase><testcase classname="Python" name="lro_error_postasync_retry_invalidheader"><failure /></testcase><testcase classname="Python" name="lro_error_postasync_retry_failed_operationresults_nopayload"><failure /></testcase><testcase classname="Python" name="lro_error_postasync_retry_failed_operationresults_invalidjsonpolling"><failure /></testcase><testcase classname="Python" name="lro_error_delete_204_nolocation"><failure /></testcase><testcase classname="Python" name="lro_error_delete_202_retry_invalidheader"><failure /></testcase><testcase classname="Python" name="lro_error_deleteasync_retry_nostatus"><failure /></testcase><testcase classname="Python" name="lro_error_deleteasync_retry_invalidjsonpolling"><failure /></testcase><testcase classname="Python" name="lro_error_deleteasync_retry_invalidheader"><failure /></testcase><testcase classname="Python" name="lro_error_deleteasync_retry_failed_operationresults_nostatus"><failure /></testcase><testcase classname="Python" name="lro_error_deleteasync_retry_failed_operationresults_invalidjsonpolling"><failure /></testcase><testcase classname="Python" name="lro_delete_provisioning_202_deleting_200_failed"><failure /></testcase><testcase classname="Python" name="lro_delete_provisioning_202_deleting_200_failed"><failure /></testcase><testcase classname="Python" name="lro_delete_provisioning_202_deleting_200_canceled"><failure /></testcase><testcase classname="Python" name="lro_delete_provisioning_202_deleting_200_canceled"><failure /></testcase><testcase classname="Python" name="lro_delete_provisioning_202_accepted_200_succeeded"><failure /></testcase><testcase classname="Python" name="lro_delete_provisioning_202_accepted_200_succeeded"><failure /></testcase><testcase classname="Python" name="lro_delete_noheader_operationresults_123"><failure /></testcase><testcase classname="Python" name="lro_delete_noheader_operationresults_123"><failure /></testcase><testcase classname="Python" name="lro_delete_noheader"><failure /></testcase><testcase classname="Python" name="lro_delete_204_succeeded"><failure /></testcase><testcase classname="Python" name="lro_delete_202_retry_200"><failure /></testcase><testcase classname="Python" name="lro_delete_202_retry_200"><failure /></testcase><testcase classname="Python" name="lro_delete_202_noretry_204"><failure /></testcase><testcase classname="Python" name="lro_delete_202_noretry_204"><failure /></testcase><testcase classname="Python" name="lro_deleteasync_retry_succeeded_operationresults_200"><failure /></testcase><testcase classname="Python" name="lro_deleteasync_retry_succeeded_operationresults_200"><failure /></testcase><testcase classname="Python" name="lro_deleteasync_retry_succeeded"><failure /></testcase><testcase classname="Python" name="lro_deleteasync_retry_failed_operationresults_200"><failure /></testcase><testcase classname="Python" name="lro_deleteasync_retry_failed_operationresults_200"><failure /></testcase><testcase classname="Python" name="lro_deleteasync_retry_failed"><failure /></testcase><testcase classname="Python" name="lro_deleteasync_retry_canceled_operationresults_200"><failure /></testcase><testcase classname="Python" name="lro_deleteasync_retry_canceled_operationresults_200"><failure /></testcase><testcase classname="Python" name="lro_deleteasync_retry_canceled"><failure /></testcase><testcase classname="Python" name="lro_deleteasync_noretry_succeeded_operationresults_200"><failure /></testcase><testcase classname="Python" name="lro_deleteasync_noretry_succeeded_operationresults_200"><failure /></testcase><testcase classname="Python" name="lro_deleteasync_noretry_succeeded"><failure /></testcase><testcase classname="Python" name="lro_deleteasync_noheader_operationresults_123"><failure /></testcase><testcase classname="Python" name="lro_deleteasync_noheader_operationresults_123"><failure /></testcase><testcase classname="Python" name="lro_deleteasync_noheader_202_204"><failure /></testcase><testcase classname="Python" name="lro_customheader_put_201_creating_succeeded_200"><failure /></testcase><testcase classname="Python" name="lro_customheader_put_201_creating_succeeded_200"><failure /></testcase><testcase classname="Python" name="lro_customheader_putasync_retry_succeeded_operationresults_200"><failure /></testcase><testcase classname="Python" name="lro_customheader_putasync_retry_succeeded_operationresults_200"><failure /></testcase><testcase classname="Python" name="lro_customheader_putasync_retry_succeeded"><failure /></testcase><testcase classname="Python" name="lro_customheader_putasync_retry_succeeded"><failure /></testcase><testcase classname="Python" name="lro_customheader_post_newuri_202_retry_200"><failure /></testcase><testcase classname="Python" name="lro_customheader_post_202_retry_200"><failure /></testcase><testcase classname="Python" name="lro_customheader_post_202_retry_200"><failure /></testcase><testcase classname="Python" name="lro_customheader_postasync_retry_succeeded_operationresults_200"><failure /></testcase><testcase classname="Python" name="lro_customheader_postasync_retry_succeeded_operationresults_200"><failure /></testcase><testcase classname="Python" name="lro_customheader_postasync_retry_succeeded"><failure /></testcase><testcase classname="Python" name="http_success_404"><failure /></testcase><testcase classname="Python" name="http_success_404"><failure /></testcase><testcase classname="Python" name="http_success_204"><failure /></testcase><testcase classname="Python" name="http_success_204"><failure /></testcase><testcase classname="Python" name="http_success_200"><failure /></testcase><testcase classname="Python" name="http_success_200"><failure /></testcase><testcase classname="Python" name="duration_positiveduration"><failure /></testcase><testcase classname="Python" name="duration_positiveduration"><failure /></testcase><testcase classname="Python" name="duration_null"><failure /></testcase><testcase classname="Python" name="duration_invalid"><failure /></testcase><testcase classname="Python" name="customuri"><failure /></testcase><testcase classname="Python" name="azurespecials_subscriptionid_swagger_string_none_path_local_1234-5678-9012-3456_1234-5678-9012-3456"><failure /></testcase><testcase classname="Python" name="azurespecials_subscriptionid_swagger_string_none_path_global_1234-5678-9012-3456_1234-5678-9012-3456"><failure /></testcase><testcase classname="Python" name="azurespecials_subscriptionid_path_string_none_path_local_1234-5678-9012-3456_1234-5678-9012-3456"><failure /></testcase><testcase classname="Python" name="azurespecials_subscriptionid_path_string_none_path_global_1234-5678-9012-3456_1234-5678-9012-3456"><failure /></testcase><testcase classname="Python" name="azurespecials_subscriptionid_method_string_none_path_local_1234-5678-9012-3456_1234-5678-9012-3456"><failure /></testcase><testcase classname="Python" name="azurespecials_subscriptionid_method_string_none_path_global_1234-5678-9012-3456_1234-5678-9012-3456"><failure /></testcase><testcase classname="Python" name="azurespecials_subscriptionid_method_string_none_path_globalnotprovided_1234-5678-9012-3456_1234-5678-9012-3456"><failure /></testcase><testcase classname="Python" name="azurespecials_skipurlencoding_swagger_query_valid"><failure /></testcase><testcase classname="Python" name="azurespecials_skipurlencoding_swagger_path_valid_path1_path2_path3"><failure /></testcase><testcase classname="Python" name="azurespecials_skipurlencoding_path_query_valid"><failure /></testcase><testcase classname="Python" name="azurespecials_skipurlencoding_path_path_valid_path1_path2_path3"><failure /></testcase><testcase classname="Python" name="azurespecials_skipurlencoding_method_query_valid"><failure /></testcase><testcase classname="Python" name="azurespecials_skipurlencoding_method_query_null"><failure /></testcase><testcase classname="Python" name="azurespecials_skipurlencoding_method_query_null"><failure /></testcase><testcase classname="Python" name="azurespecials_skipurlencoding_method_path_valid_path1_path2_path3"><failure /></testcase><testcase classname="Python" name="azurespecials_overwrite_x-ms-client-request-id_via-param_method"><failure /></testcase><testcase classname="Python" name="azurespecials_overwrite_x-ms-client-request-id_method"><failure /></testcase><testcase classname="Python" name="azurespecials_overwrite_x-ms-client-request-id_method"><failure /></testcase><testcase classname="Python" name="azurespecials_overwrite_x-ms-client-request-id_method"><failure /></testcase><testcase classname="Python" name="azurespecials_odata_filter"><failure /></testcase><testcase classname="Python" name="azurespecials_customnamedrequestidparamgrouping"><failure /></testcase><testcase classname="Python" name="azurespecials_customnamedrequestid"><failure /></testcase><testcase classname="Python" name="azurespecials_apiversion_swagger_string_none_query_local_20"><failure /></testcase><testcase classname="Python" name="azurespecials_apiversion_swagger_string_none_query_global_2015-07-01-preview"><failure /></testcase><testcase classname="Python" name="azurespecials_apiversion_path_string_none_query_local_20"><failure /></testcase><testcase classname="Python" name="azurespecials_apiversion_path_string_none_query_global_2015-07-01-preview"><failure /></testcase><testcase classname="Python" name="azurespecials_apiversion_method_string_none_query_local_null"><failure /></testcase><testcase classname="Python" name="azurespecials_apiversion_method_string_none_query_local_20"><failure /></testcase><testcase classname="Python" name="azurespecials_apiversion_method_string_none_query_global_2015-07-01-preview"><failure /></testcase><testcase classname="Python" name="azurespecials_apiversion_method_string_none_query_globalnotprovided_2015-07-01-preview"><failure /></testcase><testcase classname="Python" name="fafcdea4-6a74-41f6-9d8e-3ccef0b40806"><failure /></testcase><testcase classname="Python" name="ee1a0404-481e-45d9-b3b5-222cdd06edfc"><failure /></testcase><testcase classname="Python" name="dff20366-d3e2-4046-8470-55359134eb6d"><failure /></testcase><testcase classname="Python" name="dc579df9-c258-4244-9936-87782f6465c5"><failure /></testcase><testcase classname="Python" name="a75088b1-2f02-419b-a981-365047452c3e"><failure /></testcase><testcase classname="Python" name="3ab7995b-76eb-4c83-8942-394f36b55f97"><failure /></testcase></testsuite>