<testsuite errors="0" failures="179" name="TestServer" tests="953"><testcase classname="Python" name="xml_wrapped-lists-c08b90fe-1467-4b00-a2d0-7c869b85bb6e" time="0.007" /><testcase classname="Python" name="xml_wrapped-lists-3ed8a87e-a346-477e-a0b4-1b7b48717a1a" time="0.0" /><testcase classname="Python" name="xml_simple-f6ff3367-b3c7-4933-bf39-653f883e3cf0" time="0.067" /><testcase classname="Python" name="xml_simple-106b8dcd-e8f7-406a-bf8b-9cc2ebf25aa2" time="0.0" /><testcase classname="Python" name="xml_root-list-single-item-ef510eb5-a615-4dc4-88ab-b1b0a80838a9" time="0.0" /><testcase classname="Python" name="xml_root-list-single-item-76a5a662-f430-4ea0-8fc5-e0123c15a240" time="0.007" /><testcase classname="Python" name="xml_root-list-727f8a91-1767-4189-a1ff-b5c705a1ecb3" time="0.007" /><testcase classname="Python" name="xml_root-list-00d6da94-4606-4602-935b-4e6727cff2e5" time="0.0" /><testcase classname="Python" name="xml_mycontainer-fe7964f0-d0bb-4ee4-bc6d-594e5523bc94" time="0.0" /><testcase classname="Python" name="xml_mycontainer-cddfc3dc-7daf-49b1-a35b-a7d278cc3ab7" time="0.006" /><testcase classname="Python" name="xml_mycontainer-cb2a4917-5d39-44bd-81b0-a383627a08eb" time="0.0" /><testcase classname="Python" name="xml_mycontainer-a0ea945c-cb33-4f97-93d8-217d8005be67" time="0.0" /><testcase classname="Python" name="xml_empty-wrapped-lists-95dc011d-b87f-4748-8a63-1be99e4b7b42" time="0.0" /><testcase classname="Python" name="xml_empty-wrapped-lists-71382dc3-43c7-4047-a684-05cf070cc582" time="0.006" /><testcase classname="Python" name="xml_empty-root-list-c647844a-14b6-4921-ad27-c811a0e1496f" time="0.009" /><testcase classname="Python" name="xml_empty-root-list-2997d1b2-0abf-47ec-8d94-2991c6c1ea4f" time="0.0" /><testcase classname="Python" name="xml_empty-list-11e66906-79c9-4a62-8f1d-40d156aa1fd1" time="0.0" /><testcase classname="Python" name="xml_empty-list-08330a37-093d-4b0d-a3aa-10267b097b4b" time="0.005" /><testcase classname="Python" name="xml_empty-child-element-84cf87c4-1573-4748-9eef-c8c0a72dd305" time="0.01" /><testcase classname="Python" name="xml_empty-child-element-2890663c-e9eb-426e-9aa3-9a53acbfd724" time="0.0" /><testcase classname="Python" name="xml_complex-type-ref-with-meta-bde650f1-6bb7-4110-b0d1-a8cf52c3c585" time="0.0" /><testcase classname="Python" name="xml_complex-type-ref-with-meta-1320453a-c05a-4b74-9a72-e5044b243e78" time="0.006" /><testcase classname="Python" name="xml_complex-type-ref-no-meta-c986cca4-2249-4354-bcc8-4bc2ac794c85" time="0.0" /><testcase classname="Python" name="xml_complex-type-ref-no-meta-4c5d2204-b8a9-4435-a8d5-f19acd77c96f" time="0.006" /><testcase classname="Python" name="xml-a837e951-de75-4f56-a6af-a6d19cbc5326" time="0.009" /><testcase classname="Python" name="xml-36e88dd8-ae0e-4c98-ae22-9f17c6d8887f" time="0.0" /><testcase classname="Python" name="xml-150f14ad-e681-4c38-8656-324bb3998795" time="0.0" /><testcase classname="Python" name="validation_constantsinpath_constant_value-88a4dcfe-b6f8-4dd5-90ed-809ff49f2804" time="0.0" /><testcase classname="Python" name="validation_constantsinpath_constant_value-1b4fce63-8225-4d13-9d5f-26cab052cf40" time="0.0" /><testcase classname="Python" name="string_whitespace-d2fc2f6d-1a33-40b7-b509-b95fca233a54" time="0.0" /><testcase classname="Python" name="string_whitespace-937f858a-9afc-4752-bd09-7e0296144aac" time="0.0" /><testcase classname="Python" name="string_nullbase64urlencoding-53a9c16b-6aeb-4724-b49e-47e8aaf57db5" time="0.0" /><testcase classname="Python" name="string_null-dcbb9ef9-e062-4082-ab19-3cf03d316987" time="0.0" /><testcase classname="Python" name="string_null-4ca5f5fc-cb26-42c6-9d39-3ee5f0279a0d" time="0.0" /><testcase classname="Python" name="string_notprovided-ff0f56ca-c1a2-4820-ac7a-e8b73accc8bf" time="0.0" /><testcase classname="Python" name="string_mbcs-634999d7-57f4-4cd3-97bb-b4523f076b14" time="0.0" /><testcase classname="Python" name="string_mbcs-285b786e-8df3-47ec-a516-ae25ab27bda0" time="0.0" /><testcase classname="Python" name="string_enum_referencedconstant-4b373148-7542-4985-ba5d-295c62f40e53" time="0.0" /><testcase classname="Python" name="string_enum_referencedconstant-39d7ea21-1a00-42d7-978a-1f619214bc42" time="0.0" /><testcase classname="Python" name="string_enum_referenced-c87a1041-1b6c-4135-a058-1c8dcfa3ac02" time="0.0" /><testcase classname="Python" name="string_enum_referenced-a525c4a7-9ddd-4cd9-804d-14a27a5fefe3" time="0.0" /><testcase classname="Python" name="string_enum_referenced-038c6d78-8ecc-49c6-ba6b-308b0bd40a0e" time="0.0" /><testcase classname="Python" name="string_enum_notexpandable-a2643b93-062b-4466-9705-291cf089bf56" time="0.0" /><testcase classname="Python" name="string_enum_notexpandable-64bf8ca8-a491-4876-bf66-b8f3e789a728" time="0.0" /><testcase classname="Python" name="string_enum_notexpandable-11dcc545-7048-47b9-aecc-d88470e34d77" time="0.0" /><testcase classname="Python" name="string_empty-cecb6ef0-a35e-490c-9618-b57135e33e6c" time="0.0" /><testcase classname="Python" name="string_empty-23e9a2f2-b508-4849-8ef0-93d3e264626c" time="0.0" /><testcase classname="Python" name="string_base64urlencoding-da007fba-18ae-480b-9dde-036db8373fe3" time="0.0" /><testcase classname="Python" name="string_base64urlencoding-18d4b6f7-08cf-48f8-aa36-e67fa6641187" time="0.0" /><testcase classname="Python" name="string_base64encoding-f18e5a5a-1086-45ac-8f4a-d60c5281db34" time="0.0" /><testcase classname="Python" name="reqopt_optional_string_property-7f3456b5-8f1a-4dd6-a721-2aa6cd7c7d3f" time="0.0" /><testcase classname="Python" name="reqopt_optional_string_parameter-d9f5917f-afd7-4011-8f50-b3cb9796f7ed" time="0.0" /><testcase classname="Python" name="reqopt_optional_string_header-003cd6f4-5c8c-4905-a595-e9fa670c7155" time="0.0" /><testcase classname="Python" name="reqopt_optional_integer_property-933acc14-f086-459f-a1b7-99474cad69fe" time="0.0" /><testcase classname="Python" name="reqopt_optional_integer_parameter-336a8c01-2ca8-4e33-8f8e-faa13d477483" time="0.0" /><testcase classname="Python" name="reqopt_optional_integer_header-db6af4ad-eb4e-470b-8f04-515f60a31ec6" time="0.0" /><testcase classname="Python" name="reqopt_optional_class_property-2fca4c51-10c5-4eff-a865-5e6c2b1c0341" time="0.0" /><testcase classname="Python" name="reqopt_optional_class_parameter-f3da0267-8024-4553-bafc-693de2b0bc0c" time="0.0" /><testcase classname="Python" name="reqopt_optional_array_property-6b7e9f28-6d46-4350-9eaf-ef6dd649710f" time="0.0" /><testcase classname="Python" name="reqopt_optional_array_parameter-9047aba7-3096-4eb3-8f1b-77482e3f394e" time="0.0" /><testcase classname="Python" name="reqopt_optional_array_header-fbce0943-279b-4138-9720-6d065035b101" time="0.0" /><testcase classname="Python" name="reqopt_implicit_optional_query-f1184fdb-7dc1-4ca6-9244-badc4c45b5d9" time="0.0" /><testcase classname="Python" name="reqopt_implicit_optional_header-2a293506-d1d1-4217-b5d0-02e1b1784b1e" time="0.0" /><testcase classname="Python" name="reqopt_implicit_optional_body-3929cd48-fbc6-4007-8ddd-a94011a556d3" time="0.0" /><testcase classname="Python" name="reqopt_global_optional_query-b971e3f8-ea5f-4650-a2c7-2ddee0f42d63" time="0.0" /><testcase classname="Python" name="report-b280954c-8041-47c4-9469-08fc0d9bbaa6" time="0"><failure /></testcase><testcase classname="Python" name="queries_string_null-cd9b12f0-6980-4f6d-89d9-9ec34e03d7dd" time="0.0" /><testcase classname="Python" name="queries_string_empty-06770909-f985-42a4-9568-935e240a7683" time="0.0" /><testcase classname="Python" name="queries_string_begin-_end-e8adb10d-98f8-4eeb-9e26-fead6688ee3f" time="0.0" /><testcase classname="Python" name="queries_long_null-946b4d71-0772-4458-8406-9c5851ddcf10" time="0.0" /><testcase classname="Python" name="queries_long_10000000000-3e21f3b7-65ae-4dd1-a729-da3c90add4b5" time="0.0" /><testcase classname="Python" name="queries_long_-10000000000-ea1442e0-4e04-4296-946a-ae1da8557b15" time="0.0" /><testcase classname="Python" name="queries_int_null-a1dfdfe2-6159-473f-baca-a15e829fd7da" time="0.0" /><testcase classname="Python" name="queries_int_1000000-8679fc48-0ce6-4f96-bf98-8490af1d1df1" time="0.0" /><testcase classname="Python" name="queries_int_-1000000-0b2b59f8-6a45-4ffa-be89-f30b76255682" time="0.0" /><testcase classname="Python" name="queries_float_null-19941293-1c1c-48e4-8c7f-e6ec8944eb25" time="0.0" /><testcase classname="Python" name="queries_float_1034e20-4ab9e292-022e-479f-89e0-de66f503975d" time="0.0" /><testcase classname="Python" name="queries_float_-1034e-20-2b1b0bca-7ce1-43d1-84ea-41c2b939c0ee" time="0.0" /><testcase classname="Python" name="queries_enum_null-9e8cb024-3362-4672-a61c-fd342a502544" time="0.0" /><testcase classname="Python" name="queries_enum_green-color-d9dcecd7-d1a3-490d-a0f1-d59436c2ea06" time="0.0" /><testcase classname="Python" name="queries_double_null-07618613-0cee-4e5d-8107-9af7c5fbc0ec" time="0.0" /><testcase classname="Python" name="queries_double_9999999999-76c76f4d-70bc-4742-98aa-24e1abc3f706" time="0.0" /><testcase classname="Python" name="queries_double_-9999999999-7104cd30-78a6-47e8-b1ca-29b6590290d7" time="0.0" /><testcase classname="Python" name="queries_date_null-ef9e6811-5916-47d2-aa63-49651c168e2e" time="0.0" /><testcase classname="Python" name="queries_date_2012-01-01-9f85ba6a-1c5f-4291-be37-1a852fe8fae2" time="0.0" /><testcase classname="Python" name="queries_datetime_null-98f70ead-2e77-4685-9c00-4931a8263991" time="0.0" /><testcase classname="Python" name="queries_datetime_2012-01-01t010101z-a35a5a1b-b3a4-415e-9e60-f764ef114fcb" time="0.0" /><testcase classname="Python" name="queries_byte_null-aedcc111-5629-4c53-a7d3-f436891d0aef" time="0.0" /><testcase classname="Python" name="queries_byte_multibyte-ea715582-ff17-451c-b981-9d57df329d6a" time="0.0" /><testcase classname="Python" name="queries_byte_empty-bd48599d-dabb-41b9-b9dd-9416e219db47" time="0.0" /><testcase classname="Python" name="queries_bool_true-36886ab9-2aab-4f1a-bf61-d895d45fe578" time="0.0" /><testcase classname="Python" name="queries_bool_null-7604d573-1902-4c14-a3dc-f588636e9d3f" time="0.0" /><testcase classname="Python" name="queries_bool_false-722ea3bf-f3e9-4a71-b18b-2b3044a2284d" time="0.0" /><testcase classname="Python" name="queries_array_tsv_string_valid-53a04c4a-5059-4b72-a467-c421be192f0d" time="0.0" /><testcase classname="Python" name="queries_array_ssv_string_valid-6561a56b-9fe6-4de7-9189-2fab1c75b67f" time="0.0" /><testcase classname="Python" name="queries_array_pipes_string_valid-b89ae2b0-a35c-46c6-93a8-d5a9975c3e79" time="0.0" /><testcase classname="Python" name="queries_array_multi_string_valid-8c55d0ad-9aca-465c-b942-6240ed8cbaf6" time="0.0" /><testcase classname="Python" name="queries_array_multi_string_null-20725a3f-4777-4bce-9c58-a25375208e3d" time="0.0" /><testcase classname="Python" name="queries_array_multi_string_empty-1e8810a9-76f7-41be-98c8-714f79f0d86f" time="0.0" /><testcase classname="Python" name="queries_array_csv_string_valid-572250a5-0b57-4922-99df-44c405de193d" time="0.0" /><testcase classname="Python" name="queries_array_csv_string_null-99054f80-44bb-4ad4-952e-150544293329" time="0.0" /><testcase classname="Python" name="queries_array_csv_string_empty-8f9088d6-4686-406f-b3aa-3142c760caf4" time="0.0" /><testcase classname="Python" name="paths_string_empty-10dee19e-814e-48b4-a3de-cc4c223aa2b7" time="0.0" /><testcase classname="Python" name="paths_string_bg9yzw0_bg9yzw0-198c251c-0fcb-41b1-9ded-44bfceb36e09" time="0.0" /><testcase classname="Python" name="paths_string_begin-_end_begin-_end-74aa31b8-932c-4b89-905b-e41723cdfa5f" time="0.0" /><testcase classname="Python" name="paths_long_10000000000_10000000000-004c7980-5e1f-44c6-8f39-bc2ca7edaa98" time="0.0" /><testcase classname="Python" name="paths_long_-10000000000_-10000000000-aacd5aa0-60b7-4829-8ffa-713a3a76fed6" time="0.0" /><testcase classname="Python" name="paths_int_1460505600_1460505600-a63f2021-3022-42b8-8af4-45b4b2e31476" time="0.0" /><testcase classname="Python" name="paths_int_1000000_1000000-0aad6d20-06dc-4743-9253-5f3ad9a40662" time="0.0" /><testcase classname="Python" name="paths_int_-1000000_-1000000-7467673a-d7d4-4999-a1bb-258df2ed7236" time="0.0" /><testcase classname="Python" name="paths_float_1034e20_1034e20-9513288b-2dc5-46e1-bf0d-3f357c4fc023" time="0.0" /><testcase classname="Python" name="paths_float_-1034e-20_-1034e-20-3a310771-dafc-465d-af69-0092a9a9ded7" time="0.0" /><testcase classname="Python" name="paths_enum_green-color_green-color-af5b2b5c-d22c-4810-920c-a2047f8f3241" time="0.0" /><testcase classname="Python" name="paths_double_9999999999_9999999999-c5fa9507-12cc-4405-814a-8d6e3384a4df" time="0.0" /><testcase classname="Python" name="paths_double_-9999999999_-9999999999-e03752d0-240c-4cce-836e-e857d572f846" time="0.0" /><testcase classname="Python" name="paths_date_2012-01-01_2012-01-01-cc49a660-97ea-4d82-ad10-8490aaefea56" time="0.0" /><testcase classname="Python" name="paths_datetime_2012-01-01t010101z_2012-01-01t010101000z-507a2764-8d72-439f-9dd5-c6403528560b" time="0.0" /><testcase classname="Python" name="paths_byte_multibyte_5zwk6b2e5lic54ub54uc76ex76ss76ex76im76ip-27a284f3-5084-4869-991e-4e17c213cda5" time="0.0" /><testcase classname="Python" name="paths_byte_empty-c5dbc87f-aae2-4e74-810d-8d880a13fdbe" time="0.0" /><testcase classname="Python" name="paths_bool_true_true-712092c3-95ce-45f2-a032-2ebc0e9589e5" time="0.0" /><testcase classname="Python" name="paths_bool_false_false-b2851e4f-26fd-4030-8268-840d88d6580a" time="0.0" /><testcase classname="Python" name="paths_array_arraypath1begin-_end_arraypath1begin-_end-1ec2d0ef-86e6-4722-8c01-b6ad20c10385" time="0.0" /><testcase classname="Python" name="pathitem_nullable_globalstringpath_globalstringpath_pathitemstringpath_pathitemstringpath_localstringpath_localstringpath_null_pathitemstringquery_null-005f00c4-329a-4ddc-9c7d-3dc787009b89" time="0.0" /><testcase classname="Python" name="pathitem_nullable_globalstringpath_globalstringpath_pathitemstringpath_pathitemstringpath_localstringpath_localstringpath_null_pathitemstringquery_localstringquery-26a5d0d2-2cdd-4b31-8381-ad9e1d9fe2e9" time="0.0" /><testcase classname="Python" name="pathitem_nullable_globalstringpath_globalstringpath_pathitemstringpath_pathitemstringpath_localstringpath_localstringpath_globalstringquery_pathitemstringquery_localstringquery-a31a47d6-1c4f-4721-bfd0-bfa52eb70318" time="0.0" /><testcase classname="Python" name="pathitem_nullable_globalstringpath_globalstringpath_pathitemstringpath_pathitemstringpath_localstringpath_localstringpath_globalstringquery_null_null-c88aaf2e-b3e2-4669-92d2-a4d8ac6f6647" time="0.0" /><testcase classname="Python" name="number_small_float_3402823e-20-d5cce4c7-7ef8-4069-9d9f-a5ab5c683970" time="0.0" /><testcase classname="Python" name="number_small_float_3402823e-20-9e8847bd-d5e8-4883-a371-bef994be7cbf" time="0.0" /><testcase classname="Python" name="number_small_double_25976931e-101-e81dc4cd-4716-4ff5-9dfc-f5eb1b4ef037" time="0.0" /><testcase classname="Python" name="number_small_double_25976931e-101-3849b5d1-7a79-4e2a-b67f-8b4dbcc03f9c" time="0.0" /><testcase classname="Python" name="number_small_decimal_25976931e-101-c95cc713-25b9-4752-877d-48658395f78c" time="0.0" /><testcase classname="Python" name="number_small_decimal_25976931e-101-1425236c-1c35-4582-ad81-2e5050b8f7f3" time="0.0" /><testcase classname="Python" name="number_null-b403e171-eb11-49a2-959b-25d4d641b378" time="0.0" /><testcase classname="Python" name="number_invalidfloat-ecdfd8ca-3477-4492-9e39-a3641e6c4601" time="0.0" /><testcase classname="Python" name="number_invaliddouble-42c41e8f-b145-437a-a920-7c2fffa4de12" time="0.0" /><testcase classname="Python" name="number_invaliddecimal-39fa377d-a272-4142-9da0-1932e21c9e76" time="0.0" /><testcase classname="Python" name="number_big_float_3402823e20-ec9c49b9-23c7-413b-a111-97292c898522" time="0.0" /><testcase classname="Python" name="number_big_float_3402823e20-e1750156-3659-41fc-a3d2-d3776922fc3c" time="0.0" /><testcase classname="Python" name="number_big_double_9999999999-fd4d3c2f-cf73-4169-8228-ceb31d5c009a" time="0.0" /><testcase classname="Python" name="number_big_double_9999999999-fb52128a-ae04-443b-a8c5-4d2ddc3175be" time="0.0" /><testcase classname="Python" name="number_big_double_25976931e101-abc911cf-3b12-42a9-8705-9058814e14a5" time="0.0" /><testcase classname="Python" name="number_big_double_25976931e101-7d14a10a-15bc-4827-8d35-0eb845f71466" time="0.0" /><testcase classname="Python" name="number_big_double_-9999999999-7addf552-98f8-4269-b195-770fd3864562" time="0.0" /><testcase classname="Python" name="number_big_double_-9999999999-3e3562dc-57c0-45a7-ae2d-e8814ba24413" time="0.0" /><testcase classname="Python" name="number_big_decimal_9999999999-b7fbe1bf-171e-446e-8c56-7be496f6e956" time="0.0" /><testcase classname="Python" name="number_big_decimal_25976931e101-f0098415-b096-411b-a455-caad5226a5a6" time="0.0" /><testcase classname="Python" name="number_big_decimal_25976931e101-9c9a3be1-2175-42f4-9d5b-60a51f85d91b" time="0.0" /><testcase classname="Python" name="number_big_decimal_-9999999999-5d404070-eb10-4a9e-ba7b-cfba2fb0abe8" time="0.0" /><testcase classname="Python" name="model-flatten_resourcecollection-2db9efc4-ecf0-476a-aa33-d96d4bfaf40e" time="0.001" /><testcase classname="Python" name="model-flatten_resourcecollection-1f071f12-e4d4-4012-81dd-f0e972ed9b11" time="0.003" /><testcase classname="Python" name="model-flatten_dictionary-4967520a-157a-4a14-a141-2342b14d93a1" time="0.0" /><testcase classname="Python" name="model-flatten_dictionary-107f2367-2137-4920-8892-823dd26b6055" time="0.0" /><testcase classname="Python" name="model-flatten_customflattening_parametergrouping_groupproduct-89b96220-649b-433a-a709-d69c3a1a7466" time="0.0" /><testcase classname="Python" name="model-flatten_customflattening-e5b7f75d-10e1-4802-882d-12712265ebe9" time="0.0" /><testcase classname="Python" name="model-flatten_customflattening-5b060600-32b8-4847-86dc-700577596528" time="0.001" /><testcase classname="Python" name="model-flatten_array-7bde9f92-f5e9-412c-9cc6-76fa406ed713" time="0.0" /><testcase classname="Python" name="model-flatten_array-531db208-5289-4e3b-b886-bb82b74113c1" time="0.0" /><testcase classname="Python" name="int_unixtime-d2239450-45b2-4cec-9669-6db3c0670833" time="0.0" /><testcase classname="Python" name="int_unixtime-cac6fd5b-1f47-4459-8cd7-961c19f28c8b" time="0.0" /><testcase classname="Python" name="int_underflowint64-f06fb3b2-d8ce-46c0-91a7-dd64e8a5b302" time="0.0" /><testcase classname="Python" name="int_underflowint32-c3844ccb-5f33-4d2b-8692-4d83aeb8f5be" time="0.0" /><testcase classname="Python" name="int_overflowint64-870c58e6-a078-4b8e-a45f-da7e3a2809f7" time="0.0" /><testcase classname="Python" name="int_overflowint32-19445ba1-e414-491d-8a9f-ba276e17b397" time="0.0" /><testcase classname="Python" name="int_nullunixtime-8da5d362-91db-47e2-960d-4144b36fa930" time="0.0" /><testcase classname="Python" name="int_null-004bf6c9-d4e8-43ce-bd25-4c8a410cbc96" time="0.0" /><testcase classname="Python" name="int_min_64-a20d124e-4f1d-419c-afba-8a821b7190d9" time="0.0" /><testcase classname="Python" name="int_min_32-89082748-a2a0-4d6e-bef9-95859c425759" time="0.0" /><testcase classname="Python" name="int_max_64-97ce13e3-90e8-4fb7-be18-10760070c529" time="0.0" /><testcase classname="Python" name="int_max_32-d2546c2c-c268-435d-accd-5447e85fe4ce" time="0.0" /><testcase classname="Python" name="int_invalidunixtime-03b3e317-0d08-4cf9-9dbc-16f7727f1671" time="0.002" /><testcase classname="Python" name="int_invalid-a89ff57f-3c2c-4897-abc4-f6483e13542c" time="0.0" /><testcase classname="Python" name="http_success_put_200-d8c538a6-7a6d-42d8-81d8-03edadf03aea" time="0.0" /><testcase classname="Python" name="http_success_post_200-60c08715-1615-4fdc-9ce2-dbdc031cf05a" time="0.0" /><testcase classname="Python" name="http_success_patch_200-fea6a30c-c517-4004-8147-2328d74e29f8" time="0.0" /><testcase classname="Python" name="http_success_head_200-d0dcd6ea-20c9-4430-b7e6-24e8996bfbe7" time="0.0" /><testcase classname="Python" name="http_success_head_200-5e909142-d456-4a09-ac08-21b0f68309fd" time="0.0" /><testcase classname="Python" name="http_success_head_200-22839df8-a050-4d21-a224-591ee9e3effa" time="0.0" /><testcase classname="Python" name="http_success_get_200-a8f58352-341a-4f88-be0a-def60c48876f" time="0.0" /><testcase classname="Python" name="http_success_get_200-6857d646-59fe-4412-a8ce-ab67c12c9976" time="0.0" /><testcase classname="Python" name="http_success_get_200-229126da-5933-44e6-9b15-3a694d2ed44e" time="0.0" /><testcase classname="Python" name="http_success_get_200-0ef87a4a-9377-4e24-908f-3ba39a2b06e6" time="0.0" /><testcase classname="Python" name="http_success_delete_200-90caff20-80d5-4953-bb1c-d63b0bd1cc31" time="0.0" /><testcase classname="Python" name="http_success_404-64d13fe8-b611-4627-82f3-de7764e51a37" time="0.0" /><testcase classname="Python" name="http_success_204-e4ed1785-e1b3-4405-8456-ee040c415f87" time="0.0" /><testcase classname="Python" name="http_success_204-8a2f7afd-f48d-4dc9-b7aa-d99e6abad642" time="0.0" /><testcase classname="Python" name="http_success_204-8351c8ce-5880-4370-8466-fafa68225d3c" time="0.0" /><testcase classname="Python" name="http_success_204-1ac26d8e-c770-46d1-9e6b-092a12c30fe5" time="0.0" /><testcase classname="Python" name="http_success_204-0875dd98-71a1-4b26-bff0-32e953b4f06f" time="0.0" /><testcase classname="Python" name="http_success_202-d306edb9-e46f-4807-ad47-1b10561469c6" time="0.0" /><testcase classname="Python" name="http_success_202-c50c09b7-c3dc-4e99-8fc9-81e3e2c4bc0e" time="0.0" /><testcase classname="Python" name="http_success_202-b50b79ca-3704-4c04-86fd-80538edf7adc" time="0.0" /><testcase classname="Python" name="http_success_202-79c239ab-5fcb-4750-ab70-9dc7f33129bc" time="0.0" /><testcase classname="Python" name="http_success_201-783a962b-9f61-4c51-9ee0-c16f26becc7d" time="0.0" /><testcase classname="Python" name="http_success_201-3ed801e6-f218-4284-a5a5-5fc051510ad9" time="0.0" /><testcase classname="Python" name="http_success_200-f9c7b972-542f-4f33-8539-2d831b0de113" time="0.0" /><testcase classname="Python" name="http_success_200-f8f38a54-f84b-4c1d-a75d-5b53ac8a0fb8" time="0.0" /><testcase classname="Python" name="http_success_200-b76c3013-94c3-4aed-a93e-f41eb3816a5b" time="0.0" /><testcase classname="Python" name="http_success_200-796fae7d-5d65-4bed-8608-dfaab65b347a" time="0.001" /><testcase classname="Python" name="http_success_200-62046c3c-e280-4380-9200-3d64bad05562" time="0.0" /><testcase classname="Python" name="http_success_200-10758b3e-552d-4080-be05-83347a67849f" time="0.0" /><testcase classname="Python" name="http_retry_504-f408843d-7d3b-4e72-84ef-5aea2ef1b1b3" time="0.0" /><testcase classname="Python" name="http_retry_504-dd967080-9e3b-49f7-b09d-b46392bacc50" time="0"><failure /></testcase><testcase classname="Python" name="http_retry_504-90f01284-d4a2-4220-8ca9-9f01be8bf6d2" time="0.0" /><testcase classname="Python" name="http_retry_504-3f0e04c4-cd5b-4b18-8d17-5376046964dd" time="0.0" /><testcase classname="Python" name="http_retry_503-ff42f3e1-f10a-46c4-ba5a-9acdcaf0edf0" time="0"><failure /></testcase><testcase classname="Python" name="http_retry_503-89453e7c-503f-4d19-aee5-ea7918151abb" time="0.001" /><testcase classname="Python" name="http_retry_503-76de6951-ae74-464d-b0fb-eb8c2d1216d3" time="0.0" /><testcase classname="Python" name="http_retry_503-23d4ba5c-3498-48a8-aeb5-07b56b2f9b56" time="0.0" /><testcase classname="Python" name="http_retry_502-dfc4fc5d-2054-4536-bccb-a5c2938bca0e" time="0.001" /><testcase classname="Python" name="http_retry_502-17cb2bd8-f5e5-49f4-aaa1-084abb44faa5" time="0.0" /><testcase classname="Python" name="http_retry_500-d2b51ee5-44d0-4fa0-b5d5-f67613ec9d47" time="0.001" /><testcase classname="Python" name="http_retry_500-80ddfb43-e080-4ac8-a016-170907b41318" time="0.001" /><testcase classname="Python" name="http_retry_500-44292ed3-90c7-419f-ac52-cf83d1d62fc6" time="0"><failure /></testcase><testcase classname="Python" name="http_retry_500-1c3b6e20-566b-4a7c-ba46-ac8b4ea62b1a" time="0.001" /><testcase classname="Python" name="http_retry_408-8cfd51f4-0d3e-4b8a-bef3-0e0a0c57b611" time="0.001" /><testcase classname="Python" name="http_retry_408-476d76e1-6e64-44ba-86f6-c7e8e2c6eb8b" time="0.001" /><testcase classname="Python" name="http_redirect_307-fdde8479-6ff5-482a-9ae3-240ad00cdbcb" time="0.0" /><testcase classname="Python" name="http_redirect_307-dce71270-43f7-4e78-8450-7bcda275a756" time="0.0" /><testcase classname="Python" name="http_redirect_307-b6dafd5a-fff1-4f4b-b126-a901ebb7a9d7" time="0.001" /><testcase classname="Python" name="http_redirect_307-99b9c30c-d959-4d6d-9dd3-632140b6b76a" time="0.0" /><testcase classname="Python" name="http_redirect_307-949d2182-1bc4-4ab6-ab14-367691e6352d" time="0.0" /><testcase classname="Python" name="http_redirect_307-939b2db8-0f64-419e-b065-4c9b073ec07b" time="0.0" /><testcase classname="Python" name="http_redirect_303-8fad6429-c05b-48e8-895d-41bcf9e11ec9" time="0.0" /><testcase classname="Python" name="http_redirect_302-c883fa34-47d6-48a2-9163-214d4c48e43a" time="0.0" /><testcase classname="Python" name="http_redirect_302-93b2fe06-b1ea-4e91-bfa1-37a03b31d350" time="0.0" /><testcase classname="Python" name="http_redirect_302-5130205d-79a0-43a5-b769-12e07c6b66f0" time="0.0" /><testcase classname="Python" name="http_redirect_301-462dc7ad-ba7e-425b-bb79-a5d8d88fbfcb" time="0.0" /><testcase classname="Python" name="http_redirect_301-3cdf3a62-8a2b-4a2f-8af0-15d5cd2a4943" time="0.0" /><testcase classname="Python" name="http_redirect_301-143dac9f-e93d-438c-92d4-d882aa4b2cdd" time="0.0" /><testcase classname="Python" name="http_redirect_300-da48dceb-50da-4988-928d-02449a19e96a" time="0.001" /><testcase classname="Python" name="http_payloads_default_none_response_400_none-94c76b8e-0bbc-4ae4-8b43-839bc3389281" time="0.0" /><testcase classname="Python" name="http_payloads_default_none_response_400_invalid-0f4513eb-5ac2-431c-a265-407330e2939a" time="0.0" /><testcase classname="Python" name="http_payloads_default_none_response_200_none-0be0d313-e1f8-488b-a2fe-b16c129bc344" time="0.0" /><testcase classname="Python" name="http_payloads_default_none_response_200_invalid-1b274ac2-a54f-43d2-b1b5-88992663bdee" time="0.0" /><testcase classname="Python" name="http_payloads_default_a_response_400_valid-ed9ed547-25a5-4c1e-be58-0506209f31d7" time="0.0" /><testcase classname="Python" name="http_payloads_default_a_response_400_none-a2719b63-199c-4872-bbf7-4fe25aa5cfa9" time="0.001" /><testcase classname="Python" name="http_payloads_default_a_response_200_valid-82822e2b-213a-48ee-b335-118535415609" time="0.0" /><testcase classname="Python" name="http_payloads_default_a_response_200_valid-27bcb981-9999-450e-8b8d-900f68a0a4bc" time="0.0" /><testcase classname="Python" name="http_payloads_default_a_response_200_none-2d70bcb3-6daa-4782-985c-7c169ed6daad" time="0.0" /><testcase classname="Python" name="http_payloads_default_a_response_200_none-1493e624-d684-459a-891d-5b128189a5e4" time="0.0" /><testcase classname="Python" name="http_payloads_202_none_204_none_default_none_response_400_none-1b6a0e30-8b0e-418c-b338-c4ef26aca039" time="0.0" /><testcase classname="Python" name="http_payloads_202_none_204_none_default_none_response_400_invalid-7fd8071f-322b-484f-9823-98fcd9bc525e" time="0.0" /><testcase classname="Python" name="http_payloads_202_none_204_none_default_none_response_204_none-d2328202-8f9a-47ca-b97b-9382ee60483e" time="0.0" /><testcase classname="Python" name="http_payloads_202_none_204_none_default_none_response_202_invalid-57c14c52-8cf4-4298-a928-85fb99545b1b" time="0.0" /><testcase classname="Python" name="http_payloads_202_none_204_none_default_error_response_400_valid-736b4d56-28ca-4e2b-9867-90797ae22fd6" time="0.0" /><testcase classname="Python" name="http_payloads_202_none_204_none_default_error_response_204_none-9483d8bc-96d1-4c7b-a9be-d3359c7f3f1c" time="0.0" /><testcase classname="Python" name="http_payloads_202_none_204_none_default_error_response_202_none-74691afb-4958-46c0-8ae5-4b69a7f7faa7" time="0.0" /><testcase classname="Python" name="http_payloads_200_a_response_400_valid-1c73be2e-3bd1-4285-ab02-c47df977d950" time="0.0" /><testcase classname="Python" name="http_payloads_200_a_response_400_none-90ca2b99-cdd6-46f5-929b-99d31d13b619" time="0.0" /><testcase classname="Python" name="http_payloads_200_a_response_400_invalid-5e4cfe67-d910-4ae9-9c5f-0913cea480df" time="0.0" /><testcase classname="Python" name="http_payloads_200_a_response_202_valid-27bdcb6a-4df1-4a60-b28e-7e5c2284d566" time="0.0" /><testcase classname="Python" name="http_payloads_200_a_response_200_valid-8025e52c-826e-45c9-851d-a011779a207e" time="0.0" /><testcase classname="Python" name="http_payloads_200_a_response_200_none-8db1f610-779e-4563-9e62-b0ee31f344dd" time="0.0" /><testcase classname="Python" name="http_payloads_200_a_response_200_invalid-ba4e3bb1-9f0d-47a0-a3bf-beaaf5919093" time="0.0" /><testcase classname="Python" name="http_payloads_200_a_204_none_default_error_response_400_valid-c792ebcd-aee9-44cc-9a01-1b02ba8d696f" time="0.0" /><testcase classname="Python" name="http_payloads_200_a_204_none_default_error_response_204_none-d52e26c6-e7ad-48e1-9c3d-ebd758488fa3" time="0.0" /><testcase classname="Python" name="http_payloads_200_a_204_none_default_error_response_202_none-6192f672-f560-4bab-9eff-a8d8349eaa0c" time="0.001" /><testcase classname="Python" name="http_payloads_200_a_204_none_default_error_response_201_valid-291a31be-e44f-459d-bd28-616e60ae1be1" time="0.0" /><testcase classname="Python" name="http_payloads_200_a_204_none_default_error_response_200_valid-2ad07f87-d828-4235-a621-62ea5fe7fa98" time="0.001" /><testcase classname="Python" name="http_payloads_200_a_201_c_404_d_default_error_response_404_valid-1713e627-62a9-4855-816f-14a839663eee" time="0.0" /><testcase classname="Python" name="http_payloads_200_a_201_c_404_d_default_error_response_400_valid-42760d80-d318-488c-ab8d-600d05a6e75c" time="0.0" /><testcase classname="Python" name="http_payloads_200_a_201_c_404_d_default_error_response_201_valid-6e2697ca-7a3b-4295-8df8-3ce088d0f05c" time="0.0" /><testcase classname="Python" name="http_payloads_200_a_201_c_404_d_default_error_response_200_valid-d3bd0f39-e2f6-4210-b5fb-afb765f697d0" time="0.0" /><testcase classname="Python" name="http_payloads_200_a_201_b_default_error_response_400_valid-d0f29745-8b2a-43cd-9e2b-6943b16f9650" time="0.0" /><testcase classname="Python" name="http_payloads_200_a_201_b_default_error_response_201_valid-dd3a6714-2b0f-432c-9a23-28fee8b3081f" time="0.0" /><testcase classname="Python" name="http_payloads_200_a_201_b_default_error_response_200_valid-837af01c-3463-4c2f-ad5c-55a081ff4949" time="0.0" /><testcase classname="Python" name="http_failure_server_505-8c1744a9-fc4f-4567-8517-78f6e4bf437c" time="0.001" /><testcase classname="Python" name="http_failure_server_505-4f18cf99-1d2e-4824-b0db-826750c68a47" time="0.001" /><testcase classname="Python" name="http_failure_server_501-dbdb7da7-62fb-433a-a3d1-5b21d47a3c81" time="0.001" /><testcase classname="Python" name="http_failure_server_501-da359ead-1420-4218-bc2a-fdcb831c9c94" time="0.001" /><testcase classname="Python" name="http_failure_nomodel_error-bc99393c-18ad-4d30-8583-c0a341726eb4" time="0.001" /><testcase classname="Python" name="http_failure_emptybody_error-2f81d168-6a3b-4c46-b8e2-5e5c97971e5f" time="0.001" /><testcase classname="Python" name="http_failure_client_429-5c101ce0-2f47-4f6b-a35a-33c409eb6eca" time="0.0" /><testcase classname="Python" name="http_failure_client_417-c9da11d4-d0e2-464d-a9a8-714eb007543c" time="0.0" /><testcase classname="Python" name="http_failure_client_416-f9ce35bf-4bb3-4a54-bf10-53e218a5ffaf" time="0.0" /><testcase classname="Python" name="http_failure_client_415-e41ed1e6-4a9f-44d2-8405-441e89e89772" time="0.0" /><testcase classname="Python" name="http_failure_client_414-6d88c6c0-6b15-4d29-93d0-6098e499a335" time="0.0" /><testcase classname="Python" name="http_failure_client_413-5a4ddc0e-e899-4280-83c1-2a2c83e46c33" time="0.0" /><testcase classname="Python" name="http_failure_client_412-388bbfbb-4c68-41ba-927f-ba163edd6951" time="0.0" /><testcase classname="Python" name="http_failure_client_411-40682df7-edbd-48fa-9f25-cfff7f2afd51" time="0.001" /><testcase classname="Python" name="http_failure_client_410-dc78013b-e829-4e02-96d3-34a49cfc2d95" time="0.001" /><testcase classname="Python" name="http_failure_client_409-fff0502b-aec0-4896-b8d9-cdffa3d5c72e" time="0.0" /><testcase classname="Python" name="http_failure_client_407-4eedb013-39ed-47a1-9b5c-8d3f39c01219" time="0.001" /><testcase classname="Python" name="http_failure_client_406-4eb0f4af-208d-4c6c-9808-335f88721a9e" time="0.0" /><testcase classname="Python" name="http_failure_client_405-d2b53dd4-2e7e-4a72-a65d-1bb53f53080e" time="0.0" /><testcase classname="Python" name="http_failure_client_404-3f575700-4d1e-4149-af56-7b5720807f1f" time="0.0" /><testcase classname="Python" name="http_failure_client_403-b8a556ec-b6f9-4187-825f-e2767cc925cc" time="0.001" /><testcase classname="Python" name="http_failure_client_402-4464184e-dbcb-4a7f-af6d-908ed80bd41e" time="0.001" /><testcase classname="Python" name="http_failure_client_401-fde9a3af-b7c0-4400-a008-30f915396d52" time="0.001" /><testcase classname="Python" name="http_failure_client_400-d9b913dd-4e2a-4668-b30c-5a9f3bd0a439" time="0.001" /><testcase classname="Python" name="http_failure_client_400-cfd07e07-e7f4-4920-b344-b89b5de658f2" time="0.001" /><testcase classname="Python" name="http_failure_client_400-50c163c4-bf77-426b-98af-c9d3e0c662bd" time="0.001" /><testcase classname="Python" name="http_failure_client_400-428e42f8-e741-4d9f-8922-b8f103b7e6b3" time="0.001" /><testcase classname="Python" name="http_failure_client_400-0774cf8c-ea43-4cc5-bdf8-400a499ed61d" time="0.001" /><testcase classname="Python" name="http_failure_client_400-0673f526-8f92-4671-9196-c9832e87c79f" time="0.001" /><testcase classname="Python" name="header_response_protectedkey-b597e4ed-71e7-4a2f-98ca-e6bee0beb57a" time="0.001" /><testcase classname="Python" name="header_response_prim_string-f7d89e42-0d60-4403-a98b-6ae5070a0cbb" time="0.001" /><testcase classname="Python" name="header_response_prim_string-d345404b-c539-460d-a29b-e308d7004a65" time="0.002" /><testcase classname="Python" name="header_response_prim_string-ceb6a867-d2b1-465b-a796-9ef7908ed93e" time="0.001" /><testcase classname="Python" name="header_response_prim_long-f9175b0b-31a4-4cae-8381-a73dee694d7c" time="0.001" /><testcase classname="Python" name="header_response_prim_long-dcfc7b72-8054-46cd-8f84-c35eac409d23" time="0.001" /><testcase classname="Python" name="header_response_prim_integer-745787a7-8d28-45d1-ad73-a62f46bbef0a" time="0.001" /><testcase classname="Python" name="header_response_prim_integer-53ae4892-e14c-4c81-af3c-e84dda98865b" time="0.001" /><testcase classname="Python" name="header_response_prim_float-d093f59e-7257-4d30-8193-b363455c7289" time="0.001" /><testcase classname="Python" name="header_response_prim_float-54c66f7e-ce14-4f86-9c80-922b45c0342f" time="0.002" /><testcase classname="Python" name="header_response_prim_enum-aabb0f12-2ce1-4e5e-aa50-10612e0ed83b" time="0.001" /><testcase classname="Python" name="header_response_prim_enum-40bc021c-5080-4bd0-b245-0a5451f3e4f4" time="0.001" /><testcase classname="Python" name="header_response_prim_duration-7f7c7606-2d5e-4941-a184-c577924f7c78" time="0.001" /><testcase classname="Python" name="header_response_prim_double-5c74de13-4c9e-4050-8193-752db8a0b40a" time="0.002" /><testcase classname="Python" name="header_response_prim_double-0d8eb555-1207-475c-91d1-5977602f67fc" time="0.002" /><testcase classname="Python" name="header_response_prim_datetimerfc1123-eb610aa5-6a17-4beb-8248-5a24c94ecfa4" time="0.001" /><testcase classname="Python" name="header_response_prim_datetimerfc1123-39a1cc3d-bc08-4b34-bd00-a96ac73bb2ba" time="0.001" /><testcase classname="Python" name="header_response_prim_datetime-f0712bee-32e1-42b5-b6ed-feba350b70ac" time="0.001" /><testcase classname="Python" name="header_response_prim_datetime-e3a775fc-8ac5-455e-90ae-36255512b96b" time="0.001" /><testcase classname="Python" name="header_response_prim_date-e3dea693-a494-4ca1-8c6f-77f1e8822b90" time="0.001" /><testcase classname="Python" name="header_response_prim_date-47b25c5b-d97c-457c-b910-3b864d03fa3c" time="0.001" /><testcase classname="Python" name="header_response_prim_byte-ae04186b-69cb-4b45-bd8e-e3351225c668" time="0.001" /><testcase classname="Python" name="header_response_prim_bool-669238bb-652b-430c-a0c3-1ebe4e9f51f4" time="0.002" /><testcase classname="Python" name="header_response_prim_bool-1636b5e4-2418-43d5-bced-d9d7fff5e1bc" time="0.002" /><testcase classname="Python" name="header_response_existingkey-c208f30f-6e1b-4dae-915c-a6e75cb54893" time="0.001" /><testcase classname="Python" name="header_param_prim_string-7ec68b8c-ce39-4c7e-88b8-d8ada9b475c9" time="0.002" /><testcase classname="Python" name="header_param_prim_string-5ddf8c7a-793d-41c0-9391-6b95a3112997" time="0.002" /><testcase classname="Python" name="header_param_prim_string-2b01616e-bcf4-4420-874a-712ccef46ef1" time="0.002" /><testcase classname="Python" name="header_param_prim_long-ba0ecf70-eeaf-4685-9b23-6a701fc45311" time="0.001" /><testcase classname="Python" name="header_param_prim_long-0c0df8c7-9663-4cdf-9fa7-788f6e102c94" time="0.001" /><testcase classname="Python" name="header_param_prim_integer-ee4a7d0b-ea5f-4adc-b83d-7f85005e9ef0" time="0.001" /><testcase classname="Python" name="header_param_prim_integer-534aaecd-61b3-4db8-9a39-339f3e7eabed" time="0.002" /><testcase classname="Python" name="header_param_prim_float-94cf3b68-6a0e-40c2-bd73-afd9d05f0f94" time="0.001" /><testcase classname="Python" name="header_param_prim_float-3425976c-f631-4ac0-94a2-032072bbf266" time="0.001" /><testcase classname="Python" name="header_param_prim_enum-c60826bb-77a9-4a8f-869a-92a2341eae2d" time="0.001" /><testcase classname="Python" name="header_param_prim_enum-4e103f71-37b5-44ee-b688-323dcee5cfd0" time="0.001" /><testcase classname="Python" name="header_param_prim_enum-08756cfa-8e0f-416d-811a-3d8e37428cee" time="0.001" /><testcase classname="Python" name="header_param_prim_duration-034649af-0552-4245-9ae6-de661049628a" time="0.001" /><testcase classname="Python" name="header_param_prim_double-ffaa04d3-85e0-4dd3-b573-b00adbb4942e" time="0.002" /><testcase classname="Python" name="header_param_prim_double-b031d8e6-4d64-4e81-9245-8af498b25c00" time="0.002" /><testcase classname="Python" name="header_param_prim_datetimerfc1123-ed4af50d-b240-456f-a319-02748b2b562d" time="0.001" /><testcase classname="Python" name="header_param_prim_datetimerfc1123-0cbb16af-bd13-4777-bfa7-9e57345c80f5" time="0.001" /><testcase classname="Python" name="header_param_prim_datetime-98d04dbf-66e8-4cc3-8bc5-13e157034419" time="0.001" /><testcase classname="Python" name="header_param_prim_datetime-8267a840-786f-4f74-bc0f-80edeccccd59" time="0.001" /><testcase classname="Python" name="header_param_prim_date-ffbe37c0-e58c-41a4-b9be-904a92a102e7" time="0.001" /><testcase classname="Python" name="header_param_prim_date-4226e046-5742-4e4b-a31f-89379385f5c7" time="0.001" /><testcase classname="Python" name="header_param_prim_byte-793e64e9-2c89-44d4-b63e-8b792998cf24" time="0.001" /><testcase classname="Python" name="header_param_prim_bool-b020ce6b-ac81-4002-97b7-cb56c7e8bf73" time="0.002" /><testcase classname="Python" name="header_param_prim_bool-66c11911-ec07-4a71-8ecb-4324dc76d713" time="0.002" /><testcase classname="Python" name="header_param_existingkey-2395045d-d9df-4333-88f5-5e23a8e8af1b" time="0.001" /><testcase classname="Python" name="header_custom_x-ms-client-request-id_9c4d50ee-2d56-4cd3-8152-34347dc9f2b0-74ad724f-9230-401d-a6f7-4a02d106d1ac" time="0.001" /><testcase classname="Python" name="formdata_stream_uploadfile-f70a2f67-f77a-4bc8-9b77-ece0f32b588a" time="0.002" /><testcase classname="Python" name="formdata_stream_uploadfile-d6e21c7a-3bb8-4869-9d2d-430f528ac40a" time="0.003" /><testcase classname="Python" name="formdata_stream_uploadfile-d1f8be41-1ae3-4d74-bf0c-b0d4ae709ce2" time="0.001" /><testcase classname="Python" name="formdata_stream_uploadfile-c77a558f-3ae1-4f76-a9d5-b6c35d2db0d5" time="0.001" /><testcase classname="Python" name="formdata_stream_uploadfile-a9f33f7c-43ad-4901-b55f-a4eac38fe231" time="0"><failure /></testcase><testcase classname="Python" name="formdata_stream_uploadfile-3e02c68b-5996-4a5c-b745-e5223ab15ccf" time="0"><failure /></testcase><testcase classname="Python" name="formdata_stream_uploadfile-39604533-f31c-4479-b3e1-35080ce361f8" time="0.002" /><testcase classname="Python" name="formdata_stream_uploadfile-0ba7fa79-24ec-41dc-a04b-4ea9efe3183d" time="0.005" /><testcase classname="Python" name="files_stream_nonempty-8429e3ae-6663-48ee-ac4e-42ebf089cafe" time="0.001" /><testcase classname="Python" name="files_stream_nonempty-56955995-f3e9-485c-95a0-5c132b0b462d" time="0.001" /><testcase classname="Python" name="files_stream_empty-fbd5a1ba-74ee-43df-ab6e-df232182f1a2" time="0.002" /><testcase classname="Python" name="extensibleenums_pet_tommy-6a00b367-2eef-44c1-ba6c-a526f6b53c93" time="0.001" /><testcase classname="Python" name="extensibleenums_pet_scooby-027a3058-c8a6-4088-993d-3941ba407ebc" time="0.001" /><testcase classname="Python" name="extensibleenums_pet_casper-100d7de4-a78b-46fd-9082-6647907be4dc" time="0.001" /><testcase classname="Python" name="extensibleenums_pet_addpet-8075594c-d1a6-4ede-9f3d-9351b7862e97" time="0.001" /><testcase classname="Python" name="duration_positiveduration-3f32eafe-f72b-48b0-896f-7b8566c996bf" time="0.01" /><testcase classname="Python" name="duration_positiveduration-24abec08-61af-4abb-8aa3-6239c5f78abd" time="0.001" /><testcase classname="Python" name="duration_null-5f54392e-d4ec-46fe-8ae7-4221b5907df2" time="0.001" /><testcase classname="Python" name="duration_invalid-b78f2219-8251-4fa6-9fba-87b66f63d610" time="0.001" /><testcase classname="Python" name="dictionary_prim_string_foonullfoo2-49318f55-3d3d-40ad-9678-1606fd056959" time="0.001" /><testcase classname="Python" name="dictionary_prim_string_foo1foo2foo3-db87eda5-0e47-401e-a016-67b67c5b1f28" time="0.001" /><testcase classname="Python" name="dictionary_prim_string_foo1foo2foo3-5dcd4415-f7c4-499e-8fd2-7acc2618e8f1" time="0.001" /><testcase classname="Python" name="dictionary_prim_string_foo123foo2-68383ca8-57b7-455e-a703-ec0870e4c582" time="0.001" /><testcase classname="Python" name="dictionary_prim_long_1nullzero-7227ddbd-ae31-44f9-8f7b-1be9409a5b89" time="0.002" /><testcase classname="Python" name="dictionary_prim_long_1integer0-c82e6f6f-c594-4596-a59f-ffe22cbebc8e" time="0.002" /><testcase classname="Python" name="dictionary_prim_long_1-13300-91af8c38-65ba-4108-abec-a38d7bbb9fa2" time="0.001" /><testcase classname="Python" name="dictionary_prim_long_1-13300-6e8124f2-b730-4b45-a5c5-96352a9dff49" time="0.001" /><testcase classname="Python" name="dictionary_prim_integer_1nullzero-a2382dc4-b3da-47aa-957e-5a723cdfc3b7" time="0.001" /><testcase classname="Python" name="dictionary_prim_integer_1integer0-01ccf625-7240-47e6-9824-bb84224dbf33" time="0.001" /><testcase classname="Python" name="dictionary_prim_integer_1-13300-72b36575-301a-4a89-b4bf-cd8845164762" time="0.001" /><testcase classname="Python" name="dictionary_prim_integer_1-13300-209ae927-d23e-4289-8c9c-150a69082146" time="0.001" /><testcase classname="Python" name="dictionary_prim_float_1number0-16d473a5-98a4-414b-aaf6-214c58c6e064" time="0.001" /><testcase classname="Python" name="dictionary_prim_float_00-null-12e20-7e0505af-53a1-47c6-8c16-394399501bdd" time="0.001" /><testcase classname="Python" name="dictionary_prim_float_0--001-12e20-5c4555e4-b706-4643-9768-4b779d203330" time="0.001" /><testcase classname="Python" name="dictionary_prim_float_0--001-12e20-356ed1c9-0797-4e2d-afec-fced05d240f3" time="0.001" /><testcase classname="Python" name="dictionary_prim_duration_valid-fff09f37-7e72-4c6b-9965-2d4548ee590c" time="0.001" /><testcase classname="Python" name="dictionary_prim_duration_valid-481ce6a4-2788-4258-bc16-f02b86ca41ce" time="0.001" /><testcase classname="Python" name="dictionary_prim_double_1number0-d19116f3-ccdf-46fa-92cc-6872e940a4cc" time="0.001" /><testcase classname="Python" name="dictionary_prim_double_00-null-12e20-c38f495a-aa18-42f4-8263-35d8aaf89f22" time="0.006" /><testcase classname="Python" name="dictionary_prim_double_0--001-12e20-fb935fa3-e166-491d-8744-7b315d881bca" time="0.001" /><testcase classname="Python" name="dictionary_prim_double_0--001-12e20-1a2d9c37-37c4-4a0b-abc0-c7d7245b4c14" time="0.001" /><testcase classname="Python" name="dictionary_prim_date_valid-fb82d3c1-e24f-4293-981d-f5c3a8d7241a" time="0.001" /><testcase classname="Python" name="dictionary_prim_date_valid-db149535-2ff7-4349-915e-bbf6618c6687" time="0.001" /><testcase classname="Python" name="dictionary_prim_date_invalidnull-f2640dfd-f062-4e02-b69b-a56604db2f24" time="0.001" /><testcase classname="Python" name="dictionary_prim_date_invalidchars-eae5385d-36cb-470f-bae4-f93f3e96c11e" time="0.001" /><testcase classname="Python" name="dictionary_prim_date-time_valid-af544e14-43f8-49ec-82d2-a2687321522d" time="0.001" /><testcase classname="Python" name="dictionary_prim_date-time_valid-845978a5-c7df-465d-9473-d8929840ee77" time="0.001" /><testcase classname="Python" name="dictionary_prim_date-time_invalidnull-7e72a9f5-7903-4021-9e7d-c3c6e5bd6065" time="0.001" /><testcase classname="Python" name="dictionary_prim_date-time_invalidchars-9398d3fc-4e1c-4435-a54e-54c0f6db5485" time="0.001" /><testcase classname="Python" name="dictionary_prim_date-time-rfc1123_valid-715fd401-c569-4c69-97c2-0cca5effb6c9" time="0.001" /><testcase classname="Python" name="dictionary_prim_date-time-rfc1123_valid-30bf053e-0735-48f4-82d7-1f1abea0148f" time="0.001" /><testcase classname="Python" name="dictionary_prim_byte_valid-8eca5304-2929-43c9-aa93-ac0c7aabd088" time="0.001" /><testcase classname="Python" name="dictionary_prim_byte_valid-4512cd03-71f2-4474-bc28-93d1cf6562a2" time="0.001" /><testcase classname="Python" name="dictionary_prim_byte_invalidnull-7e5a20ca-49db-43ae-bf31-30a0f54d6a7a" time="0.001" /><testcase classname="Python" name="dictionary_prim_boolean_truenullfalse-e6415294-526b-4abf-8019-c249134f07ce" time="0.001" /><testcase classname="Python" name="dictionary_prim_boolean_truebooleanfalse-68220675-4a64-4f3c-b479-aa36a9288341" time="0.001" /><testcase classname="Python" name="dictionary_prim_boolean_tfft-75ac0dcb-f9d8-4ffc-8e11-b1ae72166f43" time="0.001" /><testcase classname="Python" name="dictionary_prim_boolean_tfft-323f10f2-22e1-4a11-a3d1-5205c5280349" time="0.001" /><testcase classname="Python" name="dictionary_prim_base64url_valid-ba0f7175-1374-4c64-9de3-d39623ca6226" time="0.002" /><testcase classname="Python" name="dictionary_nullvalue-2b7baa7f-6243-498d-a164-720ea0e16bf4" time="0.001" /><testcase classname="Python" name="dictionary_nullkey-77ee9c6c-4252-4e40-a55c-add8eb9e5d9e" time="0.069" /><testcase classname="Python" name="dictionary_null-c8b915e2-17f8-4c22-ba81-f1141aff5512" time="0.001" /><testcase classname="Python" name="dictionary_keyemptystring-f0f3e95c-d4aa-4bd0-b403-51144ca55643" time="0.001" /><testcase classname="Python" name="dictionary_invalid-5b658bd1-a635-4b7b-92ea-1267c6af2452" time="0.001" /><testcase classname="Python" name="dictionary_empty_get-ddd3ceff-5d3b-40e7-a60f-35cb518ec186" time="0.001" /><testcase classname="Python" name="dictionary_empty_put-93abe24b-83a1-4dfd-b25f-44414e2dfafd" time="0.001" /><testcase classname="Python" name="dictionary_dictionary_valid-b0281ec2-b045-4f68-92bd-57fea82149dd" time="0.001" /><testcase classname="Python" name="dictionary_dictionary_valid-6233d67f-327e-47aa-9dd9-6b88dde2a28e" time="0.001" /><testcase classname="Python" name="dictionary_dictionary_null-c5e17a75-a8ca-4a93-af5a-8fcbf0d5744a" time="0.001" /><testcase classname="Python" name="dictionary_dictionary_itemnull-69ee33b3-a1c3-42d1-b2a0-10e28da88a82" time="0.001" /><testcase classname="Python" name="dictionary_dictionary_itemempty-31418b57-66de-4938-b5a4-d3814e30e1f6" time="0.001" /><testcase classname="Python" name="dictionary_dictionary_empty-67ac78e8-1185-45d9-ba13-55d8f293f1e3" time="0.001" /><testcase classname="Python" name="dictionary_complex_valid-9a1fa071-83aa-4ab5-b726-3e1c7f46e4b0" time="0.001" /><testcase classname="Python" name="dictionary_complex_valid-597fbeea-71ee-44c5-bc7f-bb30be4eb8b1" time="0.001" /><testcase classname="Python" name="dictionary_complex_null-fc081474-7ae4-4943-95be-2b0cf1dcff84" time="0.001" /><testcase classname="Python" name="dictionary_complex_null-551183fc-dc1f-4db8-8e56-80b9b3931df3" time="0.001" /><testcase classname="Python" name="dictionary_complex_itemnull-b69ce5b7-476f-41a2-bfa7-ec9e13c0e5bb" time="0.001" /><testcase classname="Python" name="dictionary_complex_itemempty-ba1061a3-dd69-4ffa-bdd1-935f737b6b8a" time="0.001" /><testcase classname="Python" name="dictionary_complex_empty-f2ffdd11-46df-47dc-84aa-b5beb35654f5" time="0.001" /><testcase classname="Python" name="dictionary_complex_empty-8ecbee35-a9a4-48a8-8ce4-5f0e5c50e1c1" time="0.001" /><testcase classname="Python" name="dictionary_array_valid-cfad9788-3742-4d57-b55f-4786813275b2" time="0.001" /><testcase classname="Python" name="dictionary_array_valid-9df76655-3fac-4507-a2b7-19c62f48e122" time="0.001" /><testcase classname="Python" name="dictionary_array_null-f1a8e2ff-699d-4265-b1d1-32a6bd142f9f" time="0.001" /><testcase classname="Python" name="dictionary_array_itemnull-bb5fef49-3446-4fab-afd3-75b1adaf5194" time="0.001" /><testcase classname="Python" name="dictionary_array_itemempty-4c54f25c-97e1-4bf2-927a-bcac5fd87f2a" time="0.001" /><testcase classname="Python" name="dictionary_array_empty-684fc596-95a5-4229-bb5b-3cd8adb0c9db" time="0.001" /><testcase classname="Python" name="date_underflowdate-f11be141-c486-4d26-bd1d-7db95c516254" time="0.001" /><testcase classname="Python" name="date_overflowdate-1404cf1b-71c3-40b8-8b1d-ddd015a509ec" time="0.001" /><testcase classname="Python" name="date_null-787431f0-1bc7-4546-906d-aec58cda2b11" time="0.001" /><testcase classname="Python" name="date_min-f61ef2ea-0f41-458c-a85b-39f5e1456594" time="0.001" /><testcase classname="Python" name="date_min-7817e440-86a2-4158-b49b-e19a9be5313c" time="0.001" /><testcase classname="Python" name="date_max-c4989db3-58f2-47ef-8275-7789ea4e77a4" time="0.005" /><testcase classname="Python" name="date_max-6bfc799c-9092-4d12-9c90-62bc8b71bd18" time="0.001" /><testcase classname="Python" name="date_invaliddate-a80dd29f-877e-43b8-a4fc-9b5f61d6c5b9" time="0.001" /><testcase classname="Python" name="datetime_underflow-99781c81-e02d-4f84-bc52-4f2d5f6fe4c9" time="0.001" /><testcase classname="Python" name="datetime_underflow-8334f35f-0b25-45db-9645-2796f426f179" time="0"><failure /></testcase><testcase classname="Python" name="datetime_overflow-a3399971-03da-4392-91cb-a602e3939160" time="0.001" /><testcase classname="Python" name="datetime_overflow-607314d9-6555-4962-b0be-ade0e489f0ce" time="0"><failure /></testcase><testcase classname="Python" name="datetime_null-f3b3262b-4032-412c-9ea4-10e1cf8ce60f" time="0.002" /><testcase classname="Python" name="datetime_null-ab260028-7844-4f14-a248-33d555e53ccb" time="0"><failure /></testcase><testcase classname="Python" name="datetime_min_utc-a66d5398-5efa-4add-8371-a374bdae23e7" time="0.002" /><testcase classname="Python" name="datetime_min_utc-4c241a50-5cae-4858-bffb-079dac7b6cad" time="0.004" /><testcase classname="Python" name="datetime_min_localpositiveoffset-d108a6b3-24ad-45c3-84b2-2817456066a2" time="0.002" /><testcase classname="Python" name="datetime_min_localnegativeoffset-e0b069ba-9af2-4b22-9896-197421353fa6" time="0.001" /><testcase classname="Python" name="datetime_min_localnegativeoffset-614e23e4-ecb3-4d7f-a484-421ee59a1ba0" time="0.001" /><testcase classname="Python" name="datetime_max_utc_uppercase-91ea4b02-7eed-4075-8605-6965137e1893" time="0.001" /><testcase classname="Python" name="datetime_max_utc_lowercase-c53a2337-269c-405f-b3e7-f0f78a9aa3a8" time="0.001" /><testcase classname="Python" name="datetime_max_utc-cd1787cd-5fc3-4288-b40a-a3b42c8d666f" time="0.006" /><testcase classname="Python" name="datetime_max_localpositiveoffset_uppercase-7a6d6d09-57a1-432a-ab7f-144774c6728e" time="0.001" /><testcase classname="Python" name="datetime_max_localpositiveoffset_lowercase-d8b3d065-5af0-4142-bb48-a4ae95c4dad4" time="0.001" /><testcase classname="Python" name="datetime_max_localpositiveoffset-82df1ee3-1640-40a3-8305-a3c5ca3cb1d2" time="0.002" /><testcase classname="Python" name="datetime_max_localnegativeoffset_uppercase-faf0ac79-8f55-47b1-bae6-f470678b1b01" time="0.002" /><testcase classname="Python" name="datetime_max_localnegativeoffset_lowercase-da827c8b-d318-4611-ac57-0baf58b98b2b" time="0.003" /><testcase classname="Python" name="datetime_invalid-9a6d02a0-0ffe-4315-a130-a55b3b05bed9" time="0.001" /><testcase classname="Python" name="datetimerfc1123_underflow-9c3c981e-638f-4c7e-86f6-5bd3f242a3f6" time="0.001" /><testcase classname="Python" name="datetimerfc1123_underflow-8fbde55f-9c03-4f3b-aafc-be944687d3cd" time="0"><failure /></testcase><testcase classname="Python" name="datetimerfc1123_overflow-d9091a80-2eb0-4169-9d4a-0e34b322341f" time="0.001" /><testcase classname="Python" name="datetimerfc1123_overflow-6e8f0f41-5e5e-47d0-bcd7-b86f441c5822" time="0"><failure /></testcase><testcase classname="Python" name="datetimerfc1123_null-8a510631-d57c-43e8-b361-46f1b6f1f56e" time="0.001" /><testcase classname="Python" name="datetimerfc1123_null-5477c20d-a538-49ce-9615-f63942b35074" time="0"><failure /></testcase><testcase classname="Python" name="datetimerfc1123_min-a2a77367-3188-4163-b9a8-264d17c1e31c" time="0.001" /><testcase classname="Python" name="datetimerfc1123_min-91ed573c-9409-45c3-8bd3-a2354c84ff58" time="0.001" /><testcase classname="Python" name="datetimerfc1123_min-82a703be-1dc4-4481-810d-61266acae963" time="0"><failure /></testcase><testcase classname="Python" name="datetimerfc1123_min-754afcb0-563d-4a7d-b6bd-5581c7b7313f" time="0"><failure /></testcase><testcase classname="Python" name="datetimerfc1123_max_uppercase-7d4db67e-f90a-42a1-b258-f2debd09a7bd" time="0.001" /><testcase classname="Python" name="datetimerfc1123_max_uppercase-1a1880e7-2d65-4c1f-84f9-d23cb45d3bc6" time="0"><failure /></testcase><testcase classname="Python" name="datetimerfc1123_max_lowercase-3b3fcb3b-1c86-4c8c-84ff-d60002a298c2" time="0.001" /><testcase classname="Python" name="datetimerfc1123_max_lowercase-21e1a832-4c9b-4414-88b6-bcd914086341" time="0"><failure /></testcase><testcase classname="Python" name="datetimerfc1123_max-27cc2e02-1759-428c-9820-ed115195f7c8" time="0.001" /><testcase classname="Python" name="datetimerfc1123_max-07d56908-c8e5-4d3f-84c1-bee2966c8398" time="0"><failure /></testcase><testcase classname="Python" name="datetimerfc1123_invalid-f76c15be-18a7-48b7-b7a3-606156ad8c3f" time="0.001" /><testcase classname="Python" name="datetimerfc1123_invalid-b72c4989-2579-4e99-8340-1054ad0237a4" time="0"><failure /></testcase><testcase classname="Python" name="customuri_test12_key1-a0b11188-1f63-4c4f-acd0-729a1f91d6ac" time="0.001" /><testcase classname="Python" name="customuri-0c8a604f-76e6-4e10-ad52-d08fc83ad6c1" time="0.005" /><testcase classname="Python" name="complex_readonlyproperty_valid-8818153c-293e-4918-9619-44a947920689" time="0.001" /><testcase classname="Python" name="complex_readonlyproperty_valid-584be4d0-4ed0-4e7d-9ff0-e52ee169423b" time="0.001" /><testcase classname="Python" name="complex_primitive_string-50077672-583d-4ae2-8fe8-3ccef89abd97" time="0.001" /><testcase classname="Python" name="complex_primitive_string-0dc8e6e1-efc4-49f9-8278-12edb10d5c95" time="0.001" /><testcase classname="Python" name="complex_primitive_long-dc047f28-c838-46a0-a0bd-f4d5dd55a3ca" time="0.001" /><testcase classname="Python" name="complex_primitive_long-5b19dd73-a23c-4021-8504-456cd21b4bfa" time="0.002" /><testcase classname="Python" name="complex_primitive_integer-b0c84a00-ddc3-4d66-ae34-178a4915d534" time="0.002" /><testcase classname="Python" name="complex_primitive_integer-501e049e-5b2e-4edf-8107-fd7f605715a9" time="0.001" /><testcase classname="Python" name="complex_primitive_float-c2851ab2-ca8f-4872-8ffb-1018efd20a2f" time="0.002" /><testcase classname="Python" name="complex_primitive_float-13609979-7133-48ae-845c-2f12328e0884" time="0.001" /><testcase classname="Python" name="complex_primitive_duration-be7d1394-fa18-4e86-976b-c113b85ef263" time="0.002" /><testcase classname="Python" name="complex_primitive_duration-5be4feb5-76eb-413f-951a-757bdcaf344c" time="0.001" /><testcase classname="Python" name="complex_primitive_double-298180d2-7de5-46f0-9541-b04c4b4f8e2c" time="0.001" /><testcase classname="Python" name="complex_primitive_double-26a7b290-2fba-47a4-b781-4721e5dda6ea" time="0.004" /><testcase classname="Python" name="complex_primitive_datetimerfc1123-639ad931-8b13-47d9-8b9d-1611ccb455f9" time="0.001" /><testcase classname="Python" name="complex_primitive_datetimerfc1123-3425d1a0-65cf-4515-a865-f2f13e065319" time="0.005" /><testcase classname="Python" name="complex_primitive_datetime-66843e19-a0e2-4c96-bdc0-fdc02144cc89" time="0.001" /><testcase classname="Python" name="complex_primitive_datetime-5ef36fca-8f03-48ce-b0c0-955041be1f8a" time="0.001" /><testcase classname="Python" name="complex_primitive_date-db44e5c9-10c1-40f8-9d1d-ac6cb34b91a2" time="0.001" /><testcase classname="Python" name="complex_primitive_date-b9281ad7-1776-497e-99dd-5fb0606481c4" time="0.001" /><testcase classname="Python" name="complex_primitive_byte-8c84f08d-a17d-40f4-92ad-0e31331b3b41" time="0.001" /><testcase classname="Python" name="complex_primitive_byte-29e50ab7-c9e6-45bf-bff6-107225992dac" time="0.001" /><testcase classname="Python" name="complex_primitive_bool-e8c414da-7cec-45a3-a70b-b6ad75eaa0d3" time="0.002" /><testcase classname="Python" name="complex_primitive_bool-b3b8e6f9-6910-414e-8230-158c802382f3" time="0.001" /><testcase classname="Python" name="complex_polymorphism_valid-7ec603b9-9618-4764-ae2a-5628bbfb5d96" time="0.002" /><testcase classname="Python" name="complex_polymorphism_valid-6531435b-6bbb-4fa5-95be-697a5797573d" time="0.001" /><testcase classname="Python" name="complex_polymorphism_missingdiscriminator-fe6476bf-d2d4-4c63-943c-cdf04cf6dde4" time="0.002" /><testcase classname="Python" name="complex_polymorphism_complicated-5f492d5b-11f7-4008-8d42-b8d6b84a5e57" time="0.001" /><testcase classname="Python" name="complex_polymorphism_complicated-31c67759-0ea6-40cb-8c3f-3510d4d0d6ec" time="0.002" /><testcase classname="Python" name="complex_polymorphicrecursive_valid-f659f8af-48aa-4d50-ad9f-91e73d7b2f2a" time="0.001" /><testcase classname="Python" name="complex_polymorphicrecursive_valid-a1eb5913-20e1-4e86-968b-d66c5a56ac72" time="0.002" /><testcase classname="Python" name="complex_inheritance_valid-378e315f-bcb7-45f0-999b-98749173c487" time="0.001" /><testcase classname="Python" name="complex_inheritance_valid-13388eb7-8099-4e4d-9361-1e6cc3bb07e1" time="0.002" /><testcase classname="Python" name="complex_dictionary_typed_valid-ddb8fb81-8e23-4adb-92d9-4b253f550d55" time="0.002" /><testcase classname="Python" name="complex_dictionary_typed_valid-001a394c-840d-49c2-b63d-8473f354a3ca" time="0.001" /><testcase classname="Python" name="complex_dictionary_typed_null-b1cd4159-0abd-491b-80cb-1d459f4317c5" time="0.002" /><testcase classname="Python" name="complex_dictionary_typed_notprovided-fcf09f81-b47b-424c-bcf7-d182a4ea0700" time="0.002" /><testcase classname="Python" name="complex_dictionary_typed_empty-cfec38b8-ae13-4085-bf7a-03a7a95f020e" time="0.001" /><testcase classname="Python" name="complex_dictionary_typed_empty-98e4966f-f279-46d8-99dd-cf2107073169" time="0.002" /><testcase classname="Python" name="complex_basic_valid-62466d5b-943d-47d3-a192-520d96d5d6c3" time="0.001" /><testcase classname="Python" name="complex_basic_valid-2873dcb5-1515-4c48-89f6-c8bb87d04cda" time="0.004" /><testcase classname="Python" name="complex_basic_valid-08a30d45-e0a9-46ee-ac5d-43a48f6b9f9b" time="0.004" /><testcase classname="Python" name="complex_basic_null-ef8e62ef-8db1-48ec-935c-700cd1b2b8d0" time="0.002" /><testcase classname="Python" name="complex_basic_notprovided-4ebd85b1-3873-4b94-8851-1c17a03cf501" time="0.002" /><testcase classname="Python" name="complex_basic_invalid-ebaa68a2-ed0a-4aba-9e0d-2b3dc2704294" time="0.002" /><testcase classname="Python" name="complex_basic_empty-a8e0b6ab-c70a-4c13-bb32-6bb2cff36e27" time="0.002" /><testcase classname="Python" name="complex_array_valid-8c8211cb-f2b2-415e-9a5a-d0608fac5a45" time="0.001" /><testcase classname="Python" name="complex_array_valid-1f7c8fe0-4537-4a9f-9dda-a27be2ad60a6" time="0.001" /><testcase classname="Python" name="complex_array_notprovided-e0f3221c-06aa-4007-9ceb-c13dfc48af52" time="0.001" /><testcase classname="Python" name="complex_array_empty-eaa2114b-eef0-4d12-92d5-df61b1fd324c" time="0.002" /><testcase classname="Python" name="complex_array_empty-6c3797f6-b09d-48db-b1e5-d8c9438e4335" time="0.001" /><testcase classname="Python" name="byte_null-a4a7ec54-084c-4253-96b2-bc633c930ab4" time="0.002" /><testcase classname="Python" name="byte_nonascii-e15e5ec5-e9e7-4aa3-9202-d81970a9f250" time="0.002" /><testcase classname="Python" name="byte_nonascii-7aeb5140-ec6c-4186-afad-7a308f689319" time="0.003" /><testcase classname="Python" name="byte_invalid-6d8a7326-a5e1-447c-a160-0aa50c348e84" time="0.002" /><testcase classname="Python" name="byte_empty-f836b66e-953c-45da-936c-697636e0610b" time="0.002" /><testcase classname="Python" name="bool_true-b6700931-0828-47d0-8528-93b84c44183f" time="0.002" /><testcase classname="Python" name="bool_true-7ab3cfa8-72bf-4e17-894f-242b28646998" time="0.002" /><testcase classname="Python" name="bool_null-242e93d1-636b-439d-84d8-da364e23d131" time="0.002" /><testcase classname="Python" name="bool_invalid-b236b8ff-9030-4545-bae0-75d21d405620" time="0.002" /><testcase classname="Python" name="bool_false-e125381b-1fab-43d8-ba6a-c1c8a94639fd" time="0.003" /><testcase classname="Python" name="bool_false-45955793-876f-4f6e-960a-c803574c83de" time="0.002" /><testcase classname="Python" name="array_prim_uuid_valid-da447b40-4219-4aa3-9ae8-d308f0326ade" time="0.003" /><testcase classname="Python" name="array_prim_uuid_valid-441ea2c6-2c1c-4841-93b6-91db00cbfe26" time="0.003" /><testcase classname="Python" name="array_prim_uuid_invalidchars-3a6b540a-2cf2-4224-897d-e0dda4c73a29" time="0.004" /><testcase classname="Python" name="array_prim_string_foonullfoo2-bbc227d5-8a1f-4081-87de-4326a29b3876" time="0.003" /><testcase classname="Python" name="array_prim_string_foo1foo2foo3-e7c17730-ddca-4e69-984d-b317fc8ea66c" time="0.004" /><testcase classname="Python" name="array_prim_string_foo1foo2foo3-d7e95064-bedf-414b-a218-a1959e857389" time="0.008" /><testcase classname="Python" name="array_prim_string_foo123foo2-e4063fae-a99f-4edf-9db9-20d8c6421bbd" time="0.002" /><testcase classname="Python" name="array_prim_string_foo123foo2-71503776-356c-460c-9847-1e830f5fcbb6" time="0.004" /><testcase classname="Python" name="array_prim_long_1nullzero-2ca86f55-08d7-4ab1-940d-4e90334a79ec" time="0.002" /><testcase classname="Python" name="array_prim_long_1integer0-9896b311-0460-426e-b1ee-080fcb07b5a3" time="0.002" /><testcase classname="Python" name="array_prim_long_1-13300-89717001-69af-461e-b3a0-6b8575551449" time="0.003" /><testcase classname="Python" name="array_prim_long_1-13300-493551f4-8148-41bd-abdd-90689dabccf5" time="0.005" /><testcase classname="Python" name="array_prim_integer_1nullzero-1c28a82c-70f3-4c2a-80ee-19b5868a42f8" time="0.002" /><testcase classname="Python" name="array_prim_integer_1integer0-c2ab6c06-b9aa-4372-98f2-7c849377ab7e" time="0.002" /><testcase classname="Python" name="array_prim_integer_1-13300-e4bc2251-ddd1-4bb3-88f9-d0f401f3dcd3" time="0.003" /><testcase classname="Python" name="array_prim_integer_1-13300-bacd6d2f-9b34-4293-a971-411802d778ab" time="0.007" /><testcase classname="Python" name="array_prim_float_1number0-018680bc-2705-4e8d-b448-68fa2d987393" time="0.002" /><testcase classname="Python" name="array_prim_float_00-null-12e20-0e70a6ab-6922-43bc-ada3-bd722d8a7b01" time="0.002" /><testcase classname="Python" name="array_prim_float_0--001-12e20-da614bc3-dfe8-4b41-b1b3-82f5f3f1f4f9" time="0.006" /><testcase classname="Python" name="array_prim_float_0--001-12e20-9da10ccc-bf80-45ad-9756-65dcc1db4dd3" time="0.003" /><testcase classname="Python" name="array_prim_duration_valid-c44b64ca-30a9-4a4c-82e1-cf6cdfed5090" time="0.003" /><testcase classname="Python" name="array_prim_duration_valid-102c161d-41e3-4edb-a1f5-7129f8af5f77" time="0.003" /><testcase classname="Python" name="array_prim_double_1number0-5dec6e6b-8f03-4dd7-b5b5-eaaf2b1e7400" time="0.002" /><testcase classname="Python" name="array_prim_double_00-null-12e20-9532e56f-b051-40e6-8905-d7921164941b" time="0.002" /><testcase classname="Python" name="array_prim_double_0--001-12e20-f6a31e47-121f-407f-aff2-f08c50a76a52" time="0.004" /><testcase classname="Python" name="array_prim_double_0--001-12e20-2c81c870-5646-48ee-953e-3c63493285ac" time="0.004" /><testcase classname="Python" name="array_prim_date_valid-c6504e86-b948-486d-a7f1-1f8c19298da7" time="0.004" /><testcase classname="Python" name="array_prim_date_valid-4f132a1a-26dc-4fdf-9014-7d311cc0dca4" time="0.004" /><testcase classname="Python" name="array_prim_date_invalidnull-8ca818b7-a72c-466e-ba80-0288cf53aab8" time="0.002" /><testcase classname="Python" name="array_prim_date_invalidchars-f8a8ec06-b3ed-491e-b7da-8281272e7795" time="0.003" /><testcase classname="Python" name="array_prim_date-time_valid-309f3272-617f-4605-8656-ea931b503bdc" time="0.005" /><testcase classname="Python" name="array_prim_date-time_valid-001441fa-90e8-4daa-b7e5-a11f15d2e197" time="0.002" /><testcase classname="Python" name="array_prim_date-time_invalidnull-09a79203-01dc-4ac0-a0d0-c5e97f5eaebb" time="0.008" /><testcase classname="Python" name="array_prim_date-time_invalidchars-bb76f62d-a644-44cd-ad70-dd48d5272adc" time="0.002" /><testcase classname="Python" name="array_prim_date-time-rfc1123_valid-cd9f30db-eafa-4639-873f-6796ba8b8720" time="0.003" /><testcase classname="Python" name="array_prim_date-time-rfc1123_valid-a87b3fb0-bea3-4cd4-ba34-f2ea383b3002" time="0.003" /><testcase classname="Python" name="array_prim_byte_valid-6ab0f088-47ac-4b5c-b23c-a2165ae02d0c" time="0.009" /><testcase classname="Python" name="array_prim_byte_valid-113d1ba7-ea67-49fe-ad56-62bbd58c3c76" time="0.003" /><testcase classname="Python" name="array_prim_byte_invalidnull-4dc2626f-8070-466b-9c45-fd7194b5fda4" time="0.003" /><testcase classname="Python" name="array_prim_boolean_truenullfalse-56d755e3-4f90-400e-b643-41428331acdb" time="0.002" /><testcase classname="Python" name="array_prim_boolean_truebooleanfalse-0e1a0667-1a19-4d2d-9a47-dc9766bafbcc" time="0.002" /><testcase classname="Python" name="array_prim_boolean_tfft-f2bde51b-32e0-49de-a587-4aa833bba318" time="0.008" /><testcase classname="Python" name="array_prim_boolean_tfft-1d39dabc-a6d9-4476-84f5-fa4b088d8a21" time="0.004" /><testcase classname="Python" name="array_prim_base64url_valid-1f0a87d6-3345-40fc-93af-ea34163128a0" time="0.002" /><testcase classname="Python" name="array_null-d7071c2f-1c6f-4250-b3a9-09399bdaad5f" time="0.011" /><testcase classname="Python" name="array_invalid-b957753a-b03d-4fd4-ba1e-226e37cd518c" time="0.003" /><testcase classname="Python" name="array_empty-ceb630d4-5dfc-4fb9-b75b-343d1e455497" time="0.016" /><testcase classname="Python" name="array_empty-1e6a0dcc-4edb-4274-a18a-9940c6250d3d" time="0.004" /><testcase classname="Python" name="array_dictionary_valid-d3d3a7bc-8283-4f10-a046-3a45c88bdae3" time="0.003" /><testcase classname="Python" name="array_dictionary_valid-3dd33da9-d381-42f9-98aa-71e46c830ee4" time="0.002" /><testcase classname="Python" name="array_dictionary_null-7304816f-4a74-4c1e-a76d-adf7e9990db7" time="0.003" /><testcase classname="Python" name="array_dictionary_itemnull-9859e99a-76a0-4475-9d4d-4e0be96d6ff1" time="0.003" /><testcase classname="Python" name="array_dictionary_itemempty-7f465f2f-469e-40ad-8b67-9e3be5b9f55c" time="0.002" /><testcase classname="Python" name="array_dictionary_empty-664ff183-fb60-4b44-abb4-5d44196525d3" time="0.002" /><testcase classname="Python" name="array_complex_valid-fe2287dd-2969-4ee2-94ca-fc8ca262dcb8" time="0.002" /><testcase classname="Python" name="array_complex_valid-92c88567-fb48-41a8-b39a-50c88dfc4638" time="0.002" /><testcase classname="Python" name="array_complex_null-3523c389-81a9-446c-b8a8-9682cf8cd632" time="0.003" /><testcase classname="Python" name="array_complex_itemnull-a2645795-b81a-4a9f-9219-3c0e08ef1f04" time="0.002" /><testcase classname="Python" name="array_complex_itemempty-3aa9cc8f-88b5-4876-a027-4ef47e99bf31" time="0.002" /><testcase classname="Python" name="array_complex_empty-78ee3bfc-4ce3-4327-be21-2157849ab78c" time="0.002" /><testcase classname="Python" name="array_array_valid-6e58ff61-f152-4c82-9872-3f70cb03a05e" time="0.002" /><testcase classname="Python" name="array_array_valid-239a324b-147d-4d10-8d25-343dbfe08716" time="0.002" /><testcase classname="Python" name="array_array_null-5274a7a2-e1e6-488f-80e6-fb9370307173" time="0.002" /><testcase classname="Python" name="array_array_itemnull-348c9c8c-213e-49d6-b267-22e76b8c7110" time="0.002" /><testcase classname="Python" name="array_array_itemempty-d9c4699f-8404-497f-b2d7-de4250f1cef5" time="0.002" /><testcase classname="Python" name="array_array_empty-375331f1-deaf-4102-8ec7-17cbb44e87f5" time="0.003" /><testcase classname="Python" name="additionalproperties_type_string-e24d792f-61f5-4758-8a2b-1aedc34272b9" time="0.008" /><testcase classname="Python" name="additionalproperties_type_object-41d41078-213e-4478-9a8f-9b0634dcc9b2" time="0.013" /><testcase classname="Python" name="additionalproperties_true-148c7196-ea7c-4733-b16c-b80ca504733d" time="0.033" /><testcase classname="Python" name="additionalproperties_in_properties_with_additionalproperties_string-e22dedcb-92ad-43ef-8825-16d460c2257f" time="0.005" /><testcase classname="Python" name="additionalproperties_in_properties-bf6bc02a-5f58-4437-80d4-f454ed22dfa2" time="0.007" /><testcase classname="Python" name="subscriptions_af630a32-cec7-4c29-932d-16c1bd3fa166_resourcegroups_testgoup101-0cb16056-c786-4d11-a79a-c3ef028e3b39" time="0.003" /><testcase classname="Python" name="report_azure-c78682ca-fce2-446f-837e-43875b80dead" time="0"><failure /></testcase><testcase classname="Python" name="parametergrouping_sharedparametergroupobject-d47c0799-e7f6-4858-aa0e-ece2a19924e6" time="0.003" /><testcase classname="Python" name="parametergrouping_postrequired_path-781ca861-3dc7-4a89-b0b9-6e7bd94a4fa2" time="0.002" /><testcase classname="Python" name="parametergrouping_postrequired_path-6959cb5a-ae2a-4972-a9ae-cc20bd95a78a" time="0.003" /><testcase classname="Python" name="parametergrouping_postoptional-15f372a9-8245-4d6d-a6b8-774debd409ef" time="0.003" /><testcase classname="Python" name="parametergrouping_postoptional-044b7fa2-bca7-4ef6-9bc9-3b9bf8b02131" time="0.003" /><testcase classname="Python" name="parametergrouping_postmultipleparametergroups-cb72d987-c8e4-4054-b578-6853ecd118e5" time="0.003" /><testcase classname="Python" name="parametergrouping_postmultipleparametergroups-9548edd4-c210-4490-98c3-556256226464" time="0.003" /><testcase classname="Python" name="paging_single_failure-e9d3a7b9-6255-463c-9878-9ad27930c782" time="0.004" /><testcase classname="Python" name="paging_single_failure-17fddccf-b09c-4152-a9e8-98b2e14cc0c1" time="0.003" /><testcase classname="Python" name="paging_single-d9a89140-e9c1-4104-baa7-3868ccb0651b" time="0.003" /><testcase classname="Python" name="paging_single-ac0f1dad-308d-4ab4-925e-95b540abb662" time="0.003" /><testcase classname="Python" name="paging_multiple_withpath_page_100_9-ea091a93-7b14-4d7a-ae8b-3ca21d5b9cd8" time="0.003" /><testcase classname="Python" name="paging_multiple_withpath_page_100_8-f50a270b-5aa6-403d-a7f4-9404bc7b25dd" time="0.003" /><testcase classname="Python" name="paging_multiple_withpath_page_100_7-f499b2fa-34b5-4d9a-98d4-84006185097d" time="0.003" /><testcase classname="Python" name="paging_multiple_withpath_page_100_6-034e0a4b-59d5-4e36-9a8d-04be5d8b4197" time="0.003" /><testcase classname="Python" name="paging_multiple_withpath_page_100_5-3c7eb0e7-3efd-429b-adbe-fdfbfe7162b2" time="0.003" /><testcase classname="Python" name="paging_multiple_withpath_page_100_4-5ffdcdec-e09f-474b-8ca2-04459cd6774f" time="0.003" /><testcase classname="Python" name="paging_multiple_withpath_page_100_3-a4d28cc3-f09f-4c6a-95e3-d1034d7b1131" time="0.003" /><testcase classname="Python" name="paging_multiple_withpath_page_100_2-e13c7b7b-f8d4-4b41-acbc-ce6f04165d6d" time="0.003" /><testcase classname="Python" name="paging_multiple_withpath_page_100_10-86bafe8d-c544-4ca8-bf72-4fd69affbd90" time="0.003" /><testcase classname="Python" name="paging_multiple_withpath_100-91ce0b75-d7f9-40cc-8339-c21e9b75fe46" time="0.003" /><testcase classname="Python" name="paging_multiple_retrysecond_page_9-d6e352f2-df32-405f-a53e-b8043bb7d96e" time="0.003" /><testcase classname="Python" name="paging_multiple_retrysecond_page_8-1f6172a4-eb2c-4fcb-9884-39ab9d941e4d" time="0.003" /><testcase classname="Python" name="paging_multiple_retrysecond_page_7-0ea05c31-9f02-4de2-94d0-39faf56034aa" time="0.003" /><testcase classname="Python" name="paging_multiple_retrysecond_page_6-251a56ef-112e-4200-baac-1b0994de4a91" time="0.003" /><testcase classname="Python" name="paging_multiple_retrysecond_page_5-1973150a-2d1b-417b-86a0-03aaca55f199" time="0.003" /><testcase classname="Python" name="paging_multiple_retrysecond_page_4-15442944-6cb6-4b28-bdb6-5e706208cc55" time="0.003" /><testcase classname="Python" name="paging_multiple_retrysecond_page_3-8f21508a-1d40-4307-aea3-81ee3f7ec853" time="0.004" /><testcase classname="Python" name="paging_multiple_retrysecond_page_2-d71a30e5-a468-4a05-a076-045ffa567266" time="0.003" /><testcase classname="Python" name="paging_multiple_retrysecond_page_2-cfbf643b-fdad-4c8b-8a91-1d57d0809a17" time="0.003" /><testcase classname="Python" name="paging_multiple_retrysecond_page_10-bec7e379-05ee-440e-80dd-2cdf1d9ce842" time="0.003" /><testcase classname="Python" name="paging_multiple_retrysecond-d4a4d302-347d-453f-a4af-46e4a37c7e0d" time="0.003" /><testcase classname="Python" name="paging_multiple_retryfirst-facc248b-8936-42b1-8186-b151ca2e3e15" time="0.004" /><testcase classname="Python" name="paging_multiple_retryfirst-48091fc3-e0c0-4b32-a2b5-a4cfd7cc68a3" time="0.006" /><testcase classname="Python" name="paging_multiple_page_9-f6cba057-7177-499c-aa70-1378f9f89152" time="0.003" /><testcase classname="Python" name="paging_multiple_page_9-e7206c93-6386-489c-8d40-372a16b7cba0" time="0.003" /><testcase classname="Python" name="paging_multiple_page_9-9f12d062-e6e4-40c6-9365-fa5d38574fa9" time="0.003" /><testcase classname="Python" name="paging_multiple_page_9-4ea801f2-8064-4b05-b672-7d3cbd7f82fa" time="0.004" /><testcase classname="Python" name="paging_multiple_page_8-ecdb3b3a-7180-434c-8328-f0f7664e36b1" time="0.003" /><testcase classname="Python" name="paging_multiple_page_8-33ab7786-068e-49dd-93ca-9fb48f952c86" time="0.004" /><testcase classname="Python" name="paging_multiple_page_8-30fedff0-542c-4ef8-9406-7a366acd12ee" time="0.003" /><testcase classname="Python" name="paging_multiple_page_8-1fcef5e4-cbfe-4ee3-ae0b-da560d94481a" time="0.003" /><testcase classname="Python" name="paging_multiple_page_7-e1bfe211-aaaa-40b3-894b-1ee51b2caed3" time="0.003" /><testcase classname="Python" name="paging_multiple_page_7-8cf0178e-49a1-4861-b5ee-06aaf4702d01" time="0.003" /><testcase classname="Python" name="paging_multiple_page_7-726a0902-e093-45ab-afc6-c1f30d8a75a0" time="0.003" /><testcase classname="Python" name="paging_multiple_page_7-1fa1a328-1e1b-4b49-9c1f-91011cb269cd" time="0.004" /><testcase classname="Python" name="paging_multiple_page_6-b250f25d-81c3-4855-871c-58d0b3615482" time="0.003" /><testcase classname="Python" name="paging_multiple_page_6-939a76e7-6387-4e8b-9eec-dd8dd7fb791f" time="0.003" /><testcase classname="Python" name="paging_multiple_page_6-87be4815-b48c-455f-9452-0eddce5e3916" time="0.003" /><testcase classname="Python" name="paging_multiple_page_6-0a93aa96-5afc-45c3-a80f-ec97b8e7eec6" time="0.004" /><testcase classname="Python" name="paging_multiple_page_5-f72274b4-95d7-46c7-b75c-c5bc589d31ae" time="0.003" /><testcase classname="Python" name="paging_multiple_page_5-d39d99e6-fabd-47c9-b3d3-431aefa0a86e" time="0.003" /><testcase classname="Python" name="paging_multiple_page_5-19f30118-8fdb-4ef4-9031-cdf6bc29d61f" time="0.007" /><testcase classname="Python" name="paging_multiple_page_5-0a2acef0-44fc-435c-8cba-98204445b7fd" time="0.003" /><testcase classname="Python" name="paging_multiple_page_4-d952fc93-4b7b-4591-aa9c-8b4c63656528" time="0.003" /><testcase classname="Python" name="paging_multiple_page_4-b51c176d-57aa-4509-85b9-9860cad80447" time="0.003" /><testcase classname="Python" name="paging_multiple_page_4-80a764e5-82ef-4a47-bd63-ff5d6c03cfbd" time="0.005" /><testcase classname="Python" name="paging_multiple_page_4-3a5a52c9-1512-4a41-8d05-f9774dbcf64a" time="0.003" /><testcase classname="Python" name="paging_multiple_page_3-fe003f7e-dfa6-482d-98cd-a5ef5d17fe6b" time="0.005" /><testcase classname="Python" name="paging_multiple_page_3-90514a40-7768-41a3-859b-f326cd5beb28" time="0.003" /><testcase classname="Python" name="paging_multiple_page_3-5b7eccb7-58e2-4ca6-a4f7-caecada47f1d" time="0.003" /><testcase classname="Python" name="paging_multiple_page_3-1e696976-7f33-434d-8153-3530a3b20e4c" time="0.003" /><testcase classname="Python" name="paging_multiple_page_2-efe935a6-896d-439f-b634-55284699354b" time="0.003" /><testcase classname="Python" name="paging_multiple_page_2-5b0a9047-211f-4072-9986-cd2fcd5975d2" time="0.003" /><testcase classname="Python" name="paging_multiple_page_2-13ba2764-20a3-40f9-af37-067a7fb36b8e" time="0.004" /><testcase classname="Python" name="paging_multiple_page_2-0e479f5b-81a9-4dce-8d75-c295e745106f" time="0.003" /><testcase classname="Python" name="paging_multiple_page_10-c6b946cd-1503-468c-ac3c-0eb0cbe7e093" time="0.003" /><testcase classname="Python" name="paging_multiple_page_10-c330e3a0-6f57-43ea-a596-7a13e21eda1c" time="0.006" /><testcase classname="Python" name="paging_multiple_page_10-4444f77b-dca1-4162-bd17-6e6618f85d49" time="0.003" /><testcase classname="Python" name="paging_multiple_page_10-08e4f7ad-7635-41b5-b74c-0f78d943ab34" time="0.004" /><testcase classname="Python" name="paging_multiple_odata_page_9-59784be6-19cf-4200-92fa-1fa0a041a826" time="0.004" /><testcase classname="Python" name="paging_multiple_odata_page_8-7588582a-ebdc-4ea1-a83f-ac643c882a1a" time="0.003" /><testcase classname="Python" name="paging_multiple_odata_page_7-8c83ff62-b071-401b-96a2-142ccff5dade" time="0.003" /><testcase classname="Python" name="paging_multiple_odata_page_6-5f0c92d9-7e05-41be-b9d5-3bd0897b166e" time="0.003" /><testcase classname="Python" name="paging_multiple_odata_page_5-aec855e5-dfce-40c8-a3c0-5babd318cfc7" time="0.003" /><testcase classname="Python" name="paging_multiple_odata_page_4-5bbe5412-0fcb-4bf4-a364-5c12f8ab7fdd" time="0.003" /><testcase classname="Python" name="paging_multiple_odata_page_3-82518812-0ed1-4a99-b950-5a9d1866996d" time="0.003" /><testcase classname="Python" name="paging_multiple_odata_page_2-91e0a35f-1930-4830-9630-cc3a4729b1fd" time="0.003" /><testcase classname="Python" name="paging_multiple_odata_page_10-cce165ae-cad3-4
[...]
lts_200-a5cd9145-7b7f-45f4-971c-f0c380e13432" time="0"><failure /></testcase><testcase classname="Python" name="lro_postasync_retry_failed_operationresults_200-98f5527b-7f68-495a-bc8a-0327df73db85" time="0"><failure /></testcase><testcase classname="Python" name="lro_postasync_retry_failed-bb223424-c3b6-45ef-8c60-05fee3ddef8f" time="0"><failure /></testcase><testcase classname="Python" name="lro_postasync_retry_canceled_operationresults_200-76cb509c-0454-4d2b-b5be-e7bc031e817d" time="0"><failure /></testcase><testcase classname="Python" name="lro_postasync_retry_canceled_operationresults_200-5b711603-e05b-4d9e-9f2a-9c628b1fdbe4" time="0"><failure /></testcase><testcase classname="Python" name="lro_postasync_retry_canceled-bc5a3a5b-c008-4476-b21c-e985100b379d" time="0"><failure /></testcase><testcase classname="Python" name="lro_postasync_noretry_succeeded_operationresults_200-b3e6530a-3475-441f-86c0-4c1090a38d7c" time="0"><failure /></testcase><testcase classname="Python" name="lro_postasync_noretry_succeeded_operationresults_200-5c348bf7-b07e-47ef-b792-ab12945817d6" time="0"><failure /></testcase><testcase classname="Python" name="lro_postasync_noretry_succeeded-e9b535dc-46f6-4917-8886-34be9f8e13b2" time="0"><failure /></testcase><testcase classname="Python" name="lro_nonretryerror_put_400-c97b2dd1-47f8-4758-824f-12e05ba0d8ff" time="0.003" /><testcase classname="Python" name="lro_nonretryerror_put_201_creating_400_invalidjson-b81af50f-bf9f-492f-a9b9-38fad29fb60f" time="0.003" /><testcase classname="Python" name="lro_nonretryerror_put_201_creating_400_invalidjson-a010e457-d18d-4230-a94c-1c3cb730a2d8" time="0.003" /><testcase classname="Python" name="lro_nonretryerror_put_201_creating_400-d06cc9ce-f5d8-4832-8fcf-c80db263f0bc" time="0.003" /><testcase classname="Python" name="lro_nonretryerror_put_201_creating_400-bf77f9f0-93a3-455b-9533-739ac2b5e135" time="0.003" /><testcase classname="Python" name="lro_nonretryerror_putasync_retry_failed_operationresults_400-aa01f171-af55-4efe-a702-4ac67182700b" time="0.008" /><testcase classname="Python" name="lro_nonretryerror_putasync_retry_400-fb773400-913e-4ea6-be9a-0a0fbc93602d" time="0.004" /><testcase classname="Python" name="lro_nonretryerror_post_400-8353158f-878c-4273-9172-451c773f6927" time="0.003" /><testcase classname="Python" name="lro_nonretryerror_post_202_retry_400-e7a3d982-4704-4fca-b9da-0f8de191d287" time="0.003" /><testcase classname="Python" name="lro_nonretryerror_post_202_retry_400-00b2612e-3660-4346-b903-7021182ef6dc" time="0.003" /><testcase classname="Python" name="lro_nonretryerror_postasync_retry_failed_operationresults_400-1a42f34d-a77b-42ec-8919-91bb6fbb8d32" time="0.005" /><testcase classname="Python" name="lro_nonretryerror_postasync_retry_400-7ff526ae-5594-493e-bb51-9764f0858fde" time="0.003" /><testcase classname="Python" name="lro_nonretryerror_delete_400-d96357c5-160c-4d2f-9aea-f5e769d63727" time="0.004" /><testcase classname="Python" name="lro_nonretryerror_delete_202_retry_400-b39cea93-8c4e-4b3f-aaf8-36554feeab57" time="0.004" /><testcase classname="Python" name="lro_nonretryerror_delete_202_retry_400-17328c48-4477-42ad-a690-09edc81e17ed" time="0.003" /><testcase classname="Python" name="lro_nonretryerror_deleteasync_retry_failed_operationresults_400-005c8828-2a16-4da1-8276-31f267395647" time="0.004" /><testcase classname="Python" name="lro_nonretryerror_deleteasync_retry_400-a40081a2-6f14-4d90-a802-611f498a8523" time="0.004" /><testcase classname="Python" name="lro_lropostdoubleheadersfinallocationget_location-0b5b9b81-26a2-4172-8e3f-7d23df6ccc5e" time="0.003" /><testcase classname="Python" name="lro_lropostdoubleheadersfinallocationget_asyncoperationurl-560a7f86-4424-49af-a483-7701935d8c28" time="0.003" /><testcase classname="Python" name="lro_lropostdoubleheadersfinallocationget-4948b76e-4fdc-462f-addf-56ea2d5f4d29" time="0.004" /><testcase classname="Python" name="lro_lropostdoubleheadersfinalazureheaderget_asyncoperationurl-7002bc41-bc1a-4dc5-82ab-1bb2631cfe85" time="0.003" /><testcase classname="Python" name="lro_lropostdoubleheadersfinalazureheaderget-e9cabbb2-c691-4ba9-be5f-18b604b869f4" time="0.004" /><testcase classname="Python" name="lro_error_put_201_noprovisioningstatepayload-a8d500e0-766c-40a0-8f04-b8043b41b9b8" time="0.003" /><testcase classname="Python" name="lro_error_put_201_noprovisioningstatepayload-49f3115c-1e07-41ec-8533-5ebcfa121227" time="0.004" /><testcase classname="Python" name="lro_error_put_200_invalidjson-1cff757d-3a27-4236-901d-39fb291fa02f" time="0.003" /><testcase classname="Python" name="lro_error_putasync_retry_nostatuspayload-1d80f9a3-a1d9-40be-99f4-fad99e796347" time="0.003" /><testcase classname="Python" name="lro_error_putasync_retry_nostatus-ec3c4983-3cc1-47b1-89e7-26fa4a3aabb8" time="0.003" /><testcase classname="Python" name="lro_error_putasync_retry_invalidjsonpolling-c10438c9-f1a4-412b-9c1f-a7b8060ef055" time="0.003" /><testcase classname="Python" name="lro_error_putasync_retry_invalidheader-6885820b-a872-45da-84c5-4c2c77f60df1" time="0.003" /><testcase classname="Python" name="lro_error_putasync_retry_failed_operationresults_nostatuspayload-3ceade70-b2af-4b62-bb9a-16acf2bb1e90" time="0.003" /><testcase classname="Python" name="lro_error_putasync_retry_failed_operationresults_nostatus-4d0bd427-83c0-4ca2-abb3-4c6b8bd1b06a" time="0.003" /><testcase classname="Python" name="lro_error_putasync_retry_failed_operationresults_invalidjsonpolling-00c43725-09b0-4c58-8792-f9016d601b86" time="0.003" /><testcase classname="Python" name="lro_error_post_202_retry_invalidheader-f5a00692-c3ba-4edc-9ae7-6c08e6192f2b" time="0.004" /><testcase classname="Python" name="lro_error_post_202_nolocation-87d6ed0f-1de8-48d2-9b67-0940528bf634" time="0.007" /><testcase classname="Python" name="lro_error_postasync_retry_nopayload-63d6681b-0301-4072-92da-d261028fe2d1" time="0.007" /><testcase classname="Python" name="lro_error_postasync_retry_invalidjsonpolling-b98aa14f-c565-4879-9748-526cfe7ebe3b" time="0.007" /><testcase classname="Python" name="lro_error_postasync_retry_invalidheader-82bb7234-e7eb-46e2-9bf8-17533611e4af" time="0.006" /><testcase classname="Python" name="lro_error_postasync_retry_failed_operationresults_nopayload-f5acc04e-e745-47b7-b2ae-21c4fd5340bd" time="0.005" /><testcase classname="Python" name="lro_error_postasync_retry_failed_operationresults_invalidjsonpolling-fa1ae299-0098-4ddd-a9ed-9ec59eccc149" time="0.005" /><testcase classname="Python" name="lro_error_delete_204_nolocation-24296d81-7550-4aff-8f36-1cedc8c4806c" time="0.006" /><testcase classname="Python" name="lro_error_delete_202_retry_invalidheader-e255cda8-65de-4885-be64-41572f3c36f8" time="0.003" /><testcase classname="Python" name="lro_error_deleteasync_retry_nostatus-b3022de8-5097-4d0a-b5dc-908b8ed78fb1" time="0.006" /><testcase classname="Python" name="lro_error_deleteasync_retry_invalidjsonpolling-dc7ea9f2-2b5b-4ece-af8e-ac55f15a602d" time="0.006" /><testcase classname="Python" name="lro_error_deleteasync_retry_invalidheader-f064e62f-511d-4fd9-9ee6-acc076f120bb" time="0.003" /><testcase classname="Python" name="lro_error_deleteasync_retry_failed_operationresults_nostatus-96d47f82-cce0-412b-ac1c-815e854acc53" time="0.005" /><testcase classname="Python" name="lro_error_deleteasync_retry_failed_operationresults_invalidjsonpolling-1a4d0c32-c6a6-461a-8fb7-13bafff288f2" time="0.005" /><testcase classname="Python" name="lro_delete_provisioning_202_deleting_200_failed-b72d36c9-255e-449d-ae17-a10ce2a697d0" time="0"><failure /></testcase><testcase classname="Python" name="lro_delete_provisioning_202_deleting_200_failed-9cda9751-8b5b-44eb-bf3b-3bb33b25ff92" time="0"><failure /></testcase><testcase classname="Python" name="lro_delete_provisioning_202_deleting_200_canceled-ebde6bc1-2d91-4c70-8ff6-6683f85eccf5" time="0"><failure /></testcase><testcase classname="Python" name="lro_delete_provisioning_202_deleting_200_canceled-814b09b3-6f7d-41e8-a55e-95dd04fbfc69" time="0"><failure /></testcase><testcase classname="Python" name="lro_delete_provisioning_202_accepted_200_succeeded-8478d342-90fe-4357-b1f3-e358a5d9d955" time="0"><failure /></testcase><testcase classname="Python" name="lro_delete_provisioning_202_accepted_200_succeeded-825d77cf-b23e-460d-a125-02c746b7777c" time="0"><failure /></testcase><testcase classname="Python" name="lro_delete_noheader_operationresults_123-3e2a8bbc-f78b-43eb-a785-d18b1f4cf929" time="0"><failure /></testcase><testcase classname="Python" name="lro_delete_noheader_operationresults_123-2b9e3263-59fd-48d3-8039-bba2c05b4b8b" time="0"><failure /></testcase><testcase classname="Python" name="lro_delete_noheader-a3006625-7749-4534-b1d0-b00089b8d369" time="0"><failure /></testcase><testcase classname="Python" name="lro_delete_204_succeeded-034723c5-3e5e-4662-93dd-dab930f74309" time="0"><failure /></testcase><testcase classname="Python" name="lro_delete_202_retry_200-bd7cbc47-7e48-4233-9378-fd268f4328c4" time="0"><failure /></testcase><testcase classname="Python" name="lro_delete_202_retry_200-281db661-054c-4857-8185-56de20ac6c09" time="0"><failure /></testcase><testcase classname="Python" name="lro_delete_202_noretry_204-bbddf0c9-a1c6-46a4-b9a0-761ff30c9e45" time="0"><failure /></testcase><testcase classname="Python" name="lro_delete_202_noretry_204-139ef020-14ef-4dd3-9a7d-59167616e738" time="0"><failure /></testcase><testcase classname="Python" name="lro_deleteasync_retry_succeeded_operationresults_200-f7e71646-865d-4bc9-b010-971a0de323a6" time="0"><failure /></testcase><testcase classname="Python" name="lro_deleteasync_retry_succeeded_operationresults_200-9ce47f61-4d6b-4b55-8ab1-056fbfc86abd" time="0"><failure /></testcase><testcase classname="Python" name="lro_deleteasync_retry_succeeded-423d9524-bfb6-4e5a-9d73-69c7df62545b" time="0"><failure /></testcase><testcase classname="Python" name="lro_deleteasync_retry_failed_operationresults_200-d61fcd8f-bb20-44d4-a5a4-43fe86137297" time="0"><failure /></testcase><testcase classname="Python" name="lro_deleteasync_retry_failed_operationresults_200-9bf4bde8-5842-4c83-b0ce-d3da718c1826" time="0"><failure /></testcase><testcase classname="Python" name="lro_deleteasync_retry_failed-2b9fb578-7b4d-4884-8bec-f0d777dcd1bd" time="0"><failure /></testcase><testcase classname="Python" name="lro_deleteasync_retry_canceled_operationresults_200-ceceec4b-e455-4d55-8b2e-223302e9ea37" time="0"><failure /></testcase><testcase classname="Python" name="lro_deleteasync_retry_canceled_operationresults_200-5d1e1b88-3d55-428a-a184-354c3c101fc6" time="0"><failure /></testcase><testcase classname="Python" name="lro_deleteasync_retry_canceled-0d2addfc-15f4-4cdd-8ddc-b1375c30fa7b" time="0"><failure /></testcase><testcase classname="Python" name="lro_deleteasync_noretry_succeeded_operationresults_200-dc9a22d5-cce3-4387-9bff-5689ebee17e2" time="0"><failure /></testcase><testcase classname="Python" name="lro_deleteasync_noretry_succeeded_operationresults_200-af3b8d2f-dc6c-4409-981e-d64b4bcbd36a" time="0"><failure /></testcase><testcase classname="Python" name="lro_deleteasync_noretry_succeeded-65f8e625-8eae-47ba-a297-1d475703539a" time="0"><failure /></testcase><testcase classname="Python" name="lro_deleteasync_noheader_operationresults_123-5a42aec5-514f-4cd8-b47d-fc82154641f7" time="0"><failure /></testcase><testcase classname="Python" name="lro_deleteasync_noheader_operationresults_123-18015173-fbd0-42a9-bb8b-8f9c6f5abf43" time="0"><failure /></testcase><testcase classname="Python" name="lro_deleteasync_noheader_202_204-fe40af41-12d1-4b7e-84d4-7eaa1ddd1309" time="0"><failure /></testcase><testcase classname="Python" name="lro_customheader_put_201_creating_succeeded_200-b66902f3-942e-4ec4-a17b-93abea14c920" time="0"><failure /></testcase><testcase classname="Python" name="lro_customheader_put_201_creating_succeeded_200-ada76215-b9b7-40a2-8303-069a5e7db1be" time="0"><failure /></testcase><testcase classname="Python" name="lro_customheader_putasync_retry_succeeded_operationresults_200-1c58f6a8-6d2a-4bf3-8280-c070a224c74d" time="0"><failure /></testcase><testcase classname="Python" name="lro_customheader_putasync_retry_succeeded_operationresults_200-1009cad3-c73f-4126-8f8b-361eb219559f" time="0"><failure /></testcase><testcase classname="Python" name="lro_customheader_putasync_retry_succeeded-f7a9b553-54ff-44a6-a6ea-d6853c094afa" time="0"><failure /></testcase><testcase classname="Python" name="lro_customheader_putasync_retry_succeeded-2dd6c082-f8ba-49e1-86a5-777f3fc4d402" time="0"><failure /></testcase><testcase classname="Python" name="lro_customheader_post_newuri_202_retry_200-cafe5a0f-2849-4837-bcc9-8f90df486a0c" time="0"><failure /></testcase><testcase classname="Python" name="lro_customheader_post_202_retry_200-f6b7f2c6-9fa7-4af4-bd19-81231ac011f3" time="0"><failure /></testcase><testcase classname="Python" name="lro_customheader_post_202_retry_200-9eadbb71-7124-4a35-ac94-5cc4e856e3e2" time="0"><failure /></testcase><testcase classname="Python" name="lro_customheader_postasync_retry_succeeded_operationresults_200-fa641c58-cc84-4024-9adb-3b5a3d6d3819" time="0"><failure /></testcase><testcase classname="Python" name="lro_customheader_postasync_retry_succeeded_operationresults_200-5d6edd76-f8e0-4b20-ad87-59abcd498831" time="0"><failure /></testcase><testcase classname="Python" name="lro_customheader_postasync_retry_succeeded-1194040e-4419-4919-bea4-d3fd2346b7df" time="0"><failure /></testcase><testcase classname="Python" name="http_success_404-e643829f-99d5-44f2-966d-6dbb1216f659" time="0"><failure /></testcase><testcase classname="Python" name="http_success_404-df1945c3-9684-4f0c-b2b5-e84da3b18596" time="0"><failure /></testcase><testcase classname="Python" name="http_success_204-8dcfc004-6264-45d3-af33-c52584444e2b" time="0"><failure /></testcase><testcase classname="Python" name="http_success_204-20438495-3a2d-49d0-b772-f845281bd770" time="0"><failure /></testcase><testcase classname="Python" name="http_success_200-d5ed3595-54ec-4c12-9de0-db03491ef0e6" time="0"><failure /></testcase><testcase classname="Python" name="http_success_200-53000913-0fe3-4661-be15-28930449c107" time="0"><failure /></testcase><testcase classname="Python" name="duration_positiveduration-d6f4c6dc-9a32-496c-994e-95cff73bf2bc" time="0"><failure /></testcase><testcase classname="Python" name="duration_positiveduration-83532d2f-2975-440c-a02d-06012a6bf49f" time="0"><failure /></testcase><testcase classname="Python" name="duration_null-1288c353-a435-4b62-ae0e-d877b3931379" time="0"><failure /></testcase><testcase classname="Python" name="duration_invalid-509be4f4-18c1-4b9a-8f1c-ec1d2a37fdb6" time="0"><failure /></testcase><testcase classname="Python" name="customuri-c38b48b3-970e-45e3-a540-117d81dc2f74" time="0"><failure /></testcase><testcase classname="Python" name="azurespecials_subscriptionid_swagger_string_none_path_local_1234-5678-9012-3456_1234-5678-9012-3456-7f92cf16-2921-4654-b323-4c30cc29be95" time="0.004" /><testcase classname="Python" name="azurespecials_subscriptionid_swagger_string_none_path_global_1234-5678-9012-3456_1234-5678-9012-3456-c7683f05-c97f-4157-98ad-d810c62a7a50" time="0.004" /><testcase classname="Python" name="azurespecials_subscriptionid_path_string_none_path_local_1234-5678-9012-3456_1234-5678-9012-3456-1e60859c-8e57-4b6c-a5bc-836104c7d0dd" time="0.004" /><testcase classname="Python" name="azurespecials_subscriptionid_path_string_none_path_global_1234-5678-9012-3456_1234-5678-9012-3456-508c8df8-ed96-41fc-9532-e454209d53d8" time="0.004" /><testcase classname="Python" name="azurespecials_subscriptionid_method_string_none_path_local_1234-5678-9012-3456_1234-5678-9012-3456-0f09f056-43eb-4056-8abc-09ab7adca05a" time="0.004" /><testcase classname="Python" name="azurespecials_subscriptionid_method_string_none_path_global_1234-5678-9012-3456_1234-5678-9012-3456-f8223e0b-aed2-4739-94ac-6e09d3accdb2" time="0.004" /><testcase classname="Python" name="azurespecials_subscriptionid_method_string_none_path_globalnotprovided_1234-5678-9012-3456_1234-5678-9012-3456-c0d60f71-5568-4919-b667-5a3fb4bb4113" time="0.004" /><testcase classname="Python" name="azurespecials_skipurlencoding_swagger_query_valid-5753b2b4-c2e7-4a4a-9760-cb1be032f363" time="0.006" /><testcase classname="Python" name="azurespecials_skipurlencoding_swagger_path_valid_path1_path2_path3-6fe34132-17ab-4d09-8bb0-84c68cf06b0e" time="0.006" /><testcase classname="Python" name="azurespecials_skipurlencoding_path_query_valid-f1981002-1af7-479e-90f8-1b3b5932caea" time="0.006" /><testcase classname="Python" name="azurespecials_skipurlencoding_path_path_valid_path1_path2_path3-7f45851c-eb67-48b3-9776-8f97f7165557" time="0.008" /><testcase classname="Python" name="azurespecials_skipurlencoding_method_query_valid-0e2a0f2d-7638-4217-bc9f-2ec60ed18765" time="0.006" /><testcase classname="Python" name="azurespecials_skipurlencoding_method_query_null-75383cb2-498f-4996-9df9-022c9fb53f37" time="0.006" /><testcase classname="Python" name="azurespecials_skipurlencoding_method_query_null-40958f8d-1ac2-4b7b-9771-3e3683868dd4" time="0.006" /><testcase classname="Python" name="azurespecials_skipurlencoding_method_path_valid_path1_path2_path3-fbbeec83-7dde-4987-b9da-f4ca6a3c0f12" time="0.02" /><testcase classname="Python" name="azurespecials_overwrite_x-ms-client-request-id_via-param_method-5763647c-0a9b-47c7-88ee-ad378df473a3" time="0.006" /><testcase classname="Python" name="azurespecials_overwrite_x-ms-client-request-id_method-b2facf19-4637-498e-a4b4-75a3521a806e" time="0.003" /><testcase classname="Python" name="azurespecials_overwrite_x-ms-client-request-id_method-743086ae-b98d-42ed-812b-404a024192ae" time="0.006" /><testcase classname="Python" name="azurespecials_overwrite_x-ms-client-request-id_method-287f43c7-7c30-404b-993e-e85f50d1d393" time="0.003" /><testcase classname="Python" name="azurespecials_odata_filter-e751ec54-3174-49a3-a71d-620d30207c4e" time="0.006" /><testcase classname="Python" name="azurespecials_customnamedrequestidparamgrouping-64ad0bfc-104f-4a67-9f22-5808c2d7b69a" time="0.006" /><testcase classname="Python" name="azurespecials_customnamedrequestid-b5ba478a-24ff-4e0a-b4bf-7ea46eea4209" time="0.006" /><testcase classname="Python" name="azurespecials_apiversion_swagger_string_none_query_local_20-95d9459f-6a20-4ea4-8ce5-9f55975c73f8" time="0.006" /><testcase classname="Python" name="azurespecials_apiversion_swagger_string_none_query_global_2015-07-01-preview-7182fab4-3ec2-42b4-bab1-1196683b0aae" time="0.004" /><testcase classname="Python" name="azurespecials_apiversion_path_string_none_query_local_20-5ca61aaf-3cd7-4f3d-8361-58ad4ac99cec" time="0.005" /><testcase classname="Python" name="azurespecials_apiversion_path_string_none_query_global_2015-07-01-preview-9b6544c9-4aa2-421b-800b-3511bffb4d27" time="0.004" /><testcase classname="Python" name="azurespecials_apiversion_method_string_none_query_local_null-2b9ddc23-b0c1-4635-a45e-89be3adf64a7" time="0.004" /><testcase classname="Python" name="azurespecials_apiversion_method_string_none_query_local_20-98fa82b5-9834-4890-9e90-7da01a4b7deb" time="0.007" /><testcase classname="Python" name="azurespecials_apiversion_method_string_none_query_global_2015-07-01-preview-08f878ba-8db7-41e5-aae2-de9d9f05cd98" time="0.004" /><testcase classname="Python" name="azurespecials_apiversion_method_string_none_query_globalnotprovided_2015-07-01-preview-1fd7f289-21cb-46e6-9690-4e13253cafb0" time="0.004" /><testcase classname="Python" name="ee1a0404-481e-45d9-b3b5-222cdd06edfc-ee1a0404-481e-45d9-b3b5-222cdd06edfc" time="0.004" /><testcase classname="Python" name="dff20366-d3e2-4046-8470-55359134eb6d-dff20366-d3e2-4046-8470-55359134eb6d" time="0"><failure /></testcase><testcase classname="Python" name="dc579df9-c258-4244-9936-87782f6465c5-dc579df9-c258-4244-9936-87782f6465c5" time="0"><failure /></testcase><testcase classname="Python" name="3ab7995b-76eb-4c83-8942-394f36b55f97-3ab7995b-76eb-4c83-8942-394f36b55f97" time="0.005" /></testsuite>